TN:
SF:src/constants.ts
FN:229,(anonymous_0)
FN:364,(anonymous_1)
FN:546,(anonymous_2)
FN:551,(anonymous_3)
FN:553,(anonymous_4)
FN:582,(anonymous_5)
FN:587,(anonymous_6)
FN:590,(anonymous_7)
FN:592,(anonymous_8)
FN:595,(anonymous_9)
FN:597,(anonymous_10)
FN:599,(anonymous_11)
FN:615,(anonymous_12)
FN:622,(anonymous_13)
FNF:14
FNH:3
FNDA:0,(anonymous_0)
FNDA:2,(anonymous_1)
FNDA:0,(anonymous_2)
FNDA:0,(anonymous_3)
FNDA:0,(anonymous_4)
FNDA:0,(anonymous_5)
FNDA:0,(anonymous_6)
FNDA:0,(anonymous_7)
FNDA:0,(anonymous_8)
FNDA:0,(anonymous_9)
FNDA:0,(anonymous_10)
FNDA:0,(anonymous_11)
FNDA:2,(anonymous_12)
FNDA:2,(anonymous_13)
DA:1,2
DA:4,2
DA:48,2
DA:54,2
DA:56,2
DA:62,2
DA:78,2
DA:83,2
DA:92,2
DA:102,2
DA:136,2
DA:143,2
DA:148,2
DA:164,2
DA:182,2
DA:198,2
DA:212,2
DA:228,2
DA:229,0
DA:234,2
DA:247,2
DA:258,2
DA:301,2
DA:309,2
DA:321,2
DA:326,2
DA:339,2
DA:345,2
DA:351,2
DA:364,2
DA:384,2
DA:534,2
DA:539,2
DA:540,2
DA:541,2
DA:542,2
DA:543,2
DA:544,2
DA:545,2
DA:546,2
DA:548,2
DA:549,2
DA:550,2
DA:551,2
DA:553,2
DA:555,2
DA:556,2
DA:557,2
DA:558,2
DA:559,2
DA:560,2
DA:561,2
DA:562,2
DA:563,2
DA:564,2
DA:565,2
DA:566,2
DA:567,2
DA:568,2
DA:569,2
DA:570,2
DA:571,2
DA:572,2
DA:573,2
DA:574,2
DA:575,2
DA:576,2
DA:578,2
DA:579,2
DA:580,2
DA:581,2
DA:582,2
DA:584,2
DA:585,2
DA:586,2
DA:587,2
DA:588,0
DA:589,2
DA:590,2
DA:592,2
DA:594,2
DA:595,2
DA:597,2
DA:599,2
DA:601,2
DA:608,2
DA:609,2
DA:610,2
DA:611,2
DA:615,2
DA:622,2
DA:629,2
DA:636,2
DA:638,2
DA:639,2
DA:640,2
DA:641,2
DA:643,2
DA:645,2
DA:658,2
DA:660,2
DA:661,2
LF:102
LH:100
BRDA:230,0,0,0
BRDA:230,0,1,0
BRDA:364,1,0,2
BRDA:364,1,1,2
BRDA:588,2,0,0
BRDA:588,2,1,0
BRDA:615,3,0,2
BRDA:615,3,1,2
BRDA:622,4,0,2
BRDA:622,4,1,2
BRF:10
BRH:6
end_of_record
TN:
SF:src/humanizedTheme.ts
FNF:0
FNH:0
DA:3,0
DA:4,0
DA:6,0
DA:22,0
LF:4
LH:0
BRF:0
BRH:0
end_of_record
TN:
SF:src/__setup__/testUtil.tsx
FN:27,(anonymous_1)
FN:39,(anonymous_2)
FN:68,(anonymous_4)
FN:70,(anonymous_5)
FN:72,(anonymous_6)
FN:83,(anonymous_7)
FN:85,(anonymous_8)
FN:101,(anonymous_9)
FN:114,(anonymous_10)
FN:120,(anonymous_11)
FN:127,(anonymous_12)
FN:133,mockFetch
FN:134,(anonymous_14)
FN:138,(anonymous_15)
FNF:14
FNH:0
FNDA:0,(anonymous_1)
FNDA:0,(anonymous_2)
FNDA:0,(anonymous_4)
FNDA:0,(anonymous_5)
FNDA:0,(anonymous_6)
FNDA:0,(anonymous_7)
FNDA:0,(anonymous_8)
FNDA:0,(anonymous_9)
FNDA:0,(anonymous_10)
FNDA:0,(anonymous_11)
FNDA:0,(anonymous_12)
FNDA:0,mockFetch
FNDA:0,(anonymous_14)
FNDA:0,(anonymous_15)
DA:2,0
DA:4,0
DA:5,0
DA:6,0
DA:7,0
DA:8,0
DA:9,0
DA:10,0
DA:11,0
DA:12,0
DA:13,0
DA:15,0
DA:27,0
DA:35,0
DA:36,0
DA:40,0
DA:62,0
DA:68,0
DA:69,0
DA:70,0
DA:73,0
DA:77,0
DA:83,0
DA:84,0
DA:85,0
DA:86,0
DA:87,0
DA:90,0
DA:91,0
DA:94,0
DA:101,0
DA:102,0
DA:103,0
DA:106,0
DA:108,0
DA:112,0
DA:115,0
DA:120,0
DA:121,0
DA:122,0
DA:123,0
DA:125,0
DA:128,0
DA:133,0
DA:135,0
DA:138,0
LF:46
LH:0
BRDA:29,0,0,0
BRDA:30,1,0,0
BRDA:31,2,0,0
BRDA:32,3,0,0
BRDA:33,4,0,0
BRDA:34,5,0,0
BRDA:35,6,0,0
BRDA:35,6,1,0
BRDA:86,7,0,0
BRF:9
BRH:0
end_of_record
TN:
SF:src/components/AccountCreationConfirmation.tsx
FN:9,(anonymous_1)
FN:32,(anonymous_2)
FN:53,AccountCreationConfirmation
FN:97,(anonymous_4)
FN:109,(anonymous_5)
FNF:5
FNH:0
FNDA:0,(anonymous_1)
FNDA:0,(anonymous_2)
FNDA:0,AccountCreationConfirmation
FNDA:0,(anonymous_4)
FNDA:0,(anonymous_5)
DA:2,0
DA:3,0
DA:4,0
DA:5,0
DA:6,0
DA:9,0
DA:33,0
DA:63,0
DA:97,0
DA:107,0
DA:116,0
LF:11
LH:0
BRDA:33,0,0,0
BRDA:33,0,1,0
BRDA:67,1,0,0
BRDA:81,2,0,0
BRDA:89,3,0,0
BRDA:101,4,0,0
BRF:6
BRH:0
end_of_record
TN:
SF:src/components/AppState.tsx
FN:32,getStateFromStorageOrDefault
FN:58,persistState
FN:68,reducerWrapper
FN:74,redirectIfInvalidState
FN:100,getFlowName
FN:101,(anonymous_6)
FN:105,(anonymous_7)
FN:119,useFlowDetection
FN:125,(anonymous_9)
FN:128,(anonymous_10)
FN:138,(anonymous_11)
FN:145,(anonymous_12)
FN:184,(anonymous_13)
FN:203,(anonymous_14)
FN:204,(anonymous_15)
FN:206,(anonymous_16)
FN:207,(anonymous_17)
FN:208,(anonymous_18)
FN:209,(anonymous_19)
FN:210,(anonymous_20)
FN:211,(anonymous_21)
FN:212,(anonymous_22)
FN:213,(anonymous_23)
FN:214,(anonymous_24)
FNF:24
FNH:14
FNDA:17,getStateFromStorageOrDefault
FNDA:7,persistState
FNDA:17,reducerWrapper
FNDA:17,redirectIfInvalidState
FNDA:17,getFlowName
FNDA:170,(anonymous_6)
FNDA:119,(anonymous_7)
FNDA:17,useFlowDetection
FNDA:17,(anonymous_9)
FNDA:0,(anonymous_10)
FNDA:0,(anonymous_11)
FNDA:17,(anonymous_12)
FNDA:17,(anonymous_13)
FNDA:0,(anonymous_14)
FNDA:4,(anonymous_15)
FNDA:4,(anonymous_16)
FNDA:4,(anonymous_17)
FNDA:0,(anonymous_18)
FNDA:0,(anonymous_19)
FNDA:0,(anonymous_20)
FNDA:0,(anonymous_21)
FNDA:0,(anonymous_22)
FNDA:0,(anonymous_23)
FNDA:0,(anonymous_24)
DA:1,2
DA:2,2
DA:3,2
DA:4,2
DA:11,2
DA:12,2
DA:13,2
DA:14,2
DA:15,2
DA:16,2
DA:17,2
DA:18,2
DA:21,2
DA:34,17
DA:36,17
DA:37,17
DA:39,0
DA:42,17
DA:43,0
DA:44,0
DA:45,0
DA:47,0
DA:48,0
DA:50,0
DA:52,0
DA:55,17
DA:59,7
DA:62,2
DA:69,17
DA:70,17
DA:71,17
DA:74,2
DA:75,17
DA:81,0
DA:82,0
DA:88,17
DA:89,17
DA:91,17
DA:92,0
DA:94,0
DA:97,17
DA:100,2
DA:101,170
DA:103,17
DA:105,119
DA:106,17
DA:107,0
DA:112,17
DA:113,0
DA:116,17
DA:120,17
DA:121,17
DA:122,17
DA:123,17
DA:125,17
DA:126,17
DA:128,17
DA:129,0
DA:137,2
DA:140,0
DA:145,2
DA:153,17
DA:163,17
DA:168,17
DA:169,17
DA:170,17
DA:171,17
DA:172,17
DA:173,0
DA:181,0
DA:184,17
DA:185,17
DA:195,2
DA:203,2
DA:204,6
DA:206,6
DA:207,6
DA:208,2
DA:209,2
DA:210,2
DA:211,2
DA:212,2
DA:213,2
DA:214,2
LF:84
LH:66
BRDA:36,0,0,17
BRDA:36,0,1,0
BRDA:42,1,0,0
BRDA:47,2,0,0
BRDA:47,3,0,0
BRDA:47,3,1,0
BRDA:75,4,0,0
BRDA:76,5,0,17
BRDA:76,5,1,17
BRDA:76,5,2,17
BRDA:91,6,0,0
BRDA:101,7,0,17
BRDA:101,7,1,0
BRDA:101,8,0,17
BRDA:101,8,1,17
BRDA:103,9,0,17
BRDA:106,10,0,0
BRDA:112,11,0,0
BRDA:112,12,0,17
BRDA:112,12,1,0
BRDA:116,13,0,0
BRDA:116,13,1,17
BRDA:116,14,0,17
BRDA:116,14,1,17
BRDA:165,15,0,17
BRDA:165,15,1,0
BRDA:165,16,0,17
BRDA:165,16,1,17
BRDA:170,17,0,0
BRDA:170,17,1,17
BRDA:170,18,0,17
BRDA:170,18,1,17
BRDA:172,19,0,0
BRDA:173,20,0,0
BRF:34
BRH:18
end_of_record
TN:
SF:src/components/BlueWrapperIcon.tsx
FN:14,(anonymous_1)
FN:33,(anonymous_3)
FNF:2
FNH:0
FNDA:0,(anonymous_1)
FNDA:0,(anonymous_3)
DA:1,0
DA:2,0
DA:3,0
DA:14,0
DA:15,0
DA:33,0
DA:41,0
DA:50,0
DA:58,0
LF:9
LH:0
BRDA:17,0,0,0
BRDA:17,0,1,0
BRDA:17,1,0,0
BRDA:17,1,1,0
BRDA:17,2,0,0
BRDA:17,2,1,0
BRDA:17,3,0,0
BRDA:17,3,1,0
BRDA:36,4,0,0
BRDA:37,5,0,0
BRF:10
BRH:0
end_of_record
TN:
SF:src/components/CareComButtonContainer.tsx
FN:10,(anonymous_1)
FN:13,(anonymous_2)
FN:14,(anonymous_3)
FN:21,CareComButtonContainer
FNF:4
FNH:0
FNDA:0,(anonymous_1)
FNDA:0,(anonymous_2)
FNDA:0,(anonymous_3)
FNDA:0,CareComButtonContainer
DA:2,0
DA:3,0
DA:10,0
DA:13,0
DA:14,0
DA:30,0
DA:35,0
DA:40,0
LF:8
LH:0
BRDA:23,0,0,0
BRDA:24,1,0,0
BRF:2
BRH:0
end_of_record
TN:
SF:src/components/CareGiverCard.tsx
FN:9,(anonymous_2)
FNF:1
FNH:0
FNDA:0,(anonymous_2)
DA:1,0
DA:2,0
DA:3,0
DA:4,0
DA:5,0
DA:9,0
DA:14,0
DA:15,0
DA:18,0
DA:25,0
DA:60,0
LF:11
LH:0
BRDA:25,0,0,0
BRDA:25,0,1,0
BRDA:25,1,0,0
BRDA:25,1,1,0
BRDA:25,2,0,0
BRDA:25,2,1,0
BRDA:25,3,0,0
BRDA:25,3,1,0
BRDA:25,4,0,0
BRDA:25,4,1,0
BRDA:31,5,0,0
BRDA:31,5,1,0
BRDA:41,6,0,0
BRDA:41,6,1,0
BRDA:49,7,0,0
BRF:15
BRH:0
end_of_record
TN:
SF:src/components/CaregiversNearby.tsx
FN:41,CaregiversNearby
FN:48,(anonymous_4)
FNF:2
FNH:0
FNDA:0,CaregiversNearby
FNDA:0,(anonymous_4)
DA:1,0
DA:2,0
DA:3,0
DA:4,0
DA:5,0
DA:6,0
DA:7,0
DA:9,0
DA:41,0
DA:42,0
DA:43,0
DA:44,0
DA:45,0
DA:46,0
DA:48,0
DA:49,0
DA:50,0
LF:17
LH:0
BRDA:18,0,0,0
BRDA:18,0,1,0
BRDA:18,1,0,0
BRDA:18,1,1,0
BRDA:33,2,0,0
BRDA:33,2,1,0
BRDA:33,3,0,0
BRDA:33,3,1,0
BRDA:49,4,0,0
BRDA:61,5,0,0
BRDA:61,5,1,0
BRDA:66,6,0,0
BRDA:66,6,1,0
BRDA:66,7,0,0
BRDA:66,7,1,0
BRF:15
BRH:0
end_of_record
TN:
SF:src/components/DateFormatInput.tsx
FN:6,(anonymous_0)
FN:8,(anonymous_1)
FN:12,(anonymous_2)
FN:16,(anonymous_3)
FN:60,(anonymous_6)
FNF:5
FNH:0
FNDA:0,(anonymous_0)
FNDA:0,(anonymous_1)
FNDA:0,(anonymous_2)
FNDA:0,(anonymous_3)
FNDA:0,(anonymous_6)
DA:1,0
DA:2,0
DA:4,0
DA:6,0
DA:8,0
DA:9,0
DA:10,0
DA:11,0
DA:12,0
DA:16,0
DA:17,0
DA:19,0
DA:20,0
DA:21,0
DA:24,0
DA:25,0
DA:28,0
DA:50,0
DA:60,0
DA:61,0
DA:62,0
DA:64,0
LF:22
LH:0
BRDA:6,0,0,0
BRDA:6,0,1,0
BRDA:12,1,0,0
BRDA:12,1,1,0
BRDA:12,2,0,0
BRDA:12,2,1,0
BRDA:19,3,0,0
BRDA:20,4,0,0
BRDA:24,5,0,0
BRDA:64,6,0,0
BRDA:64,6,1,0
BRDA:71,7,0,0
BRDA:71,7,1,0
BRF:13
BRH:0
end_of_record
TN:
SF:src/components/Divider.tsx
FN:3,(anonymous_0)
FN:13,(anonymous_1)
FNF:2
FNH:0
FNDA:0,(anonymous_0)
FNDA:0,(anonymous_1)
DA:1,0
DA:3,0
DA:4,0
DA:13,0
DA:14,0
DA:22,0
LF:6
LH:0
BRF:0
BRH:0
end_of_record
TN:
SF:src/components/DividerWithText.tsx
FN:22,(anonymous_1)
FNF:1
FNH:0
FNDA:0,(anonymous_1)
DA:1,0
DA:3,0
DA:22,0
DA:23,0
DA:34,0
LF:5
LH:0
BRDA:11,0,0,0
BRDA:11,0,1,0
BRDA:11,1,0,0
BRDA:11,1,1,0
BRF:4
BRH:0
end_of_record
TN:
SF:src/components/FacebookApiKeyContext.tsx
FN:17,(anonymous_0)
FN:30,(anonymous_1)
FNF:2
FNH:0
FNDA:0,(anonymous_0)
FNDA:0,(anonymous_1)
DA:1,0
DA:11,0
DA:15,0
DA:17,0
DA:18,0
DA:20,0
DA:21,0
DA:26,0
DA:30,0
LF:9
LH:0
BRDA:20,0,0,0
BRF:1
BRH:0
end_of_record
TN:
SF:src/components/FeatureFlagsContext.tsx
FN:21,(anonymous_0)
FN:26,(anonymous_1)
FNF:2
FNH:0
FNDA:0,(anonymous_0)
FNDA:0,(anonymous_1)
DA:1,0
DA:15,0
DA:19,0
DA:21,0
DA:22,0
DA:26,0
LF:6
LH:0
BRF:0
BRH:0
end_of_record
TN:
SF:src/components/FixElementToBottom.tsx
FN:15,(anonymous_1)
FN:32,FixElementToBottom
FNF:2
FNH:2
FNDA:17,(anonymous_1)
FNDA:82,FixElementToBottom
DA:1,2
DA:2,2
DA:3,2
DA:4,2
DA:5,2
DA:6,2
DA:7,2
DA:15,17
DA:33,82
DA:34,82
DA:35,82
DA:36,82
DA:37,82
DA:39,82
DA:41,82
DA:42,82
DA:43,82
DA:44,82
DA:45,82
DA:47,82
DA:49,82
DA:51,82
DA:56,82
DA:102,2
DA:106,2
LF:25
LH:25
BRDA:39,0,0,82
BRDA:39,0,1,82
BRDA:42,1,0,82
BRDA:42,1,1,82
BRDA:42,2,0,0
BRDA:42,2,1,82
BRDA:42,3,0,82
BRDA:42,3,1,82
BRDA:43,4,0,0
BRDA:43,4,1,82
BRDA:43,5,0,82
BRDA:43,5,1,82
BRDA:43,6,0,17
BRDA:43,6,1,65
BRDA:43,7,0,82
BRDA:43,7,1,65
BRDA:44,8,0,82
BRDA:44,8,1,82
BRDA:45,9,0,82
BRDA:45,9,1,17
BRDA:45,10,0,17
BRDA:45,10,1,65
BRDA:45,11,0,82
BRDA:45,11,1,82
BRDA:47,12,0,0
BRDA:47,12,1,82
BRDA:56,13,0,82
BRDA:56,13,1,34
BRDA:60,14,0,0
BRDA:68,15,0,0
BRDA:68,15,1,0
BRDA:69,16,0,0
BRDA:69,16,1,0
BRDA:87,17,0,82
BRDA:87,17,1,0
BRDA:88,18,0,82
BRDA:88,18,1,0
BRF:37
BRH:27
end_of_record
TN:
SF:src/components/Header.tsx
FN:14,(anonymous_0)
FNF:1
FNH:1
FNDA:65,(anonymous_0)
DA:2,2
DA:8,2
DA:14,2
DA:15,65
DA:24,2
LF:5
LH:5
BRF:0
BRH:0
end_of_record
TN:
SF:src/components/HearAboutUs.tsx
FN:43,shuffle
FN:58,(anonymous_1)
FN:103,(anonymous_3)
FN:131,(anonymous_4)
FN:155,validateFieldRequired
FN:156,(anonymous_6)
FN:161,validateFieldOptional
FN:164,(anonymous_8)
FN:169,HearAboutUsField
FNF:9
FNH:0
FNDA:0,shuffle
FNDA:0,(anonymous_1)
FNDA:0,(anonymous_3)
FNDA:0,(anonymous_4)
FNDA:0,validateFieldRequired
FNDA:0,(anonymous_6)
FNDA:0,validateFieldOptional
FNDA:0,(anonymous_8)
FNDA:0,HearAboutUsField
DA:9,0
DA:10,0
DA:11,0
DA:12,0
DA:16,0
DA:47,0
DA:48,0
DA:51,0
DA:52,0
DA:53,0
DA:54,0
DA:55,0
DA:58,0
DA:59,0
DA:61,0
DA:64,0
DA:66,0
DA:103,0
DA:112,0
DA:131,0
DA:142,0
DA:156,0
DA:162,0
DA:164,0
DA:169,0
DA:170,0
DA:171,0
DA:182,0
DA:186,0
LF:29
LH:0
BRDA:79,0,0,0
BRDA:79,0,1,0
BRDA:79,1,0,0
BRDA:79,1,1,0
BRDA:85,2,0,0
BRDA:85,2,1,0
BRDA:85,3,0,0
BRDA:85,3,1,0
BRDA:124,4,0,0
BRDA:124,4,1,0
BRDA:156,5,0,0
BRDA:156,5,1,0
BRDA:162,6,0,0
BRDA:164,7,0,0
BRDA:164,7,1,0
BRDA:170,8,0,0
BRDA:170,8,1,0
BRDA:176,9,0,0
BRDA:176,9,1,0
BRDA:177,10,0,0
BRDA:177,10,1,0
BRF:21
BRH:0
end_of_record
TN:
SF:src/components/IconCard.tsx
FN:5,(anonymous_1)
FN:51,IconCard
FNF:2
FNH:0
FNDA:0,(anonymous_1)
FNDA:0,IconCard
DA:1,0
DA:2,0
DA:3,0
DA:5,0
DA:52,0
DA:77,0
LF:6
LH:0
BRDA:64,0,0,0
BRF:1
BRH:0
end_of_record
TN:
SF:src/components/JobsAvailableCard.tsx
FN:23,(anonymous_0)
FN:40,(anonymous_1)
FN:82,(anonymous_2)
FN:90,(anonymous_3)
FNF:4
FNH:0
FNDA:0,(anonymous_0)
FNDA:0,(anonymous_1)
FNDA:0,(anonymous_2)
FNDA:0,(anonymous_3)
DA:1,0
DA:2,0
DA:3,0
DA:4,0
DA:5,0
DA:6,0
DA:7,0
DA:13,0
DA:14,0
DA:15,0
DA:23,0
DA:40,0
DA:41,0
DA:42,0
DA:43,0
DA:45,0
DA:51,0
DA:67,0
DA:76,0
DA:77,0
DA:78,0
DA:80,0
DA:82,0
DA:83,0
DA:84,0
DA:90,0
DA:91,0
DA:93,0
DA:106,0
DA:136,0
LF:30
LH:0
BRDA:45,0,0,0
BRDA:45,0,1,0
BRDA:45,1,0,0
BRDA:45,1,1,0
BRDA:76,2,0,0
BRDA:76,2,1,0
BRDA:76,2,2,0
BRDA:76,3,0,0
BRDA:76,3,1,0
BRDA:76,4,0,0
BRDA:76,4,1,0
BRDA:77,5,0,0
BRDA:77,5,1,0
BRDA:78,6,0,0
BRDA:78,6,1,0
BRDA:78,6,2,0
BRDA:79,7,0,0
BRDA:79,7,1,0
BRDA:79,8,0,0
BRDA:79,8,1,0
BRDA:79,9,0,0
BRDA:79,9,1,0
BRDA:79,10,0,0
BRDA:79,10,1,0
BRDA:79,11,0,0
BRDA:79,11,1,0
BRDA:83,12,0,0
BRDA:91,13,0,0
BRDA:91,13,1,0
BRDA:93,14,0,0
BRDA:94,15,0,0
BRDA:94,15,1,0
BRDA:94,15,2,0
BRDA:106,16,0,0
BRF:34
BRH:0
end_of_record
TN:
SF:src/components/JobsMatch.tsx
FN:18,(anonymous_0)
FN:29,(anonymous_1)
FN:51,(anonymous_2)
FNF:3
FNH:0
FNDA:0,(anonymous_0)
FNDA:0,(anonymous_1)
FNDA:0,(anonymous_2)
DA:1,0
DA:2,0
DA:3,0
DA:4,0
DA:5,0
DA:10,0
DA:11,0
DA:12,0
DA:18,0
DA:29,0
DA:30,0
DA:36,0
DA:47,0
DA:48,0
DA:49,0
DA:51,0
DA:52,0
DA:53,0
DA:59,0
DA:82,0
LF:20
LH:0
BRDA:47,0,0,0
BRDA:47,0,1,0
BRDA:47,0,2,0
BRDA:47,1,0,0
BRDA:47,1,1,0
BRDA:47,2,0,0
BRDA:47,2,1,0
BRDA:48,3,0,0
BRDA:48,3,1,0
BRDA:52,4,0,0
BRDA:59,5,0,0
BRF:11
BRH:0
end_of_record
TN:
SF:src/components/LcContainer.tsx
FN:4,(anonymous_0)
FN:26,LcContainer
FNF:2
FNH:0
FNDA:0,(anonymous_0)
FNDA:0,LcContainer
DA:2,0
DA:4,0
DA:26,0
DA:27,0
DA:28,0
LF:5
LH:0
BRF:0
BRH:0
end_of_record
TN:
SF:src/components/LcHeader.tsx
FN:39,LcHeader
FNF:1
FNH:0
FNDA:0,LcHeader
DA:1,0
DA:2,0
DA:10,0
DA:40,0
DA:41,0
DA:57,0
DA:62,0
LF:7
LH:0
BRDA:12,0,0,0
BRDA:12,0,1,0
BRDA:12,1,0,0
BRDA:12,1,1,0
BRDA:12,2,0,0
BRDA:12,2,1,0
BRDA:12,3,0,0
BRDA:12,3,1,0
BRDA:41,4,0,0
BRDA:41,4,1,0
BRDA:47,5,0,0
BRF:11
BRH:0
end_of_record
TN:
SF:src/components/Location.tsx
FN:10,(anonymous_1)
FN:26,(anonymous_2)
FN:34,(anonymous_3)
FN:37,(anonymous_4)
FN:42,(anonymous_5)
FN:55,(anonymous_6)
FN:79,(anonymous_7)
FNF:7
FNH:0
FNDA:0,(anonymous_1)
FNDA:0,(anonymous_2)
FNDA:0,(anonymous_3)
FNDA:0,(anonymous_4)
FNDA:0,(anonymous_5)
FNDA:0,(anonymous_6)
FNDA:0,(anonymous_7)
DA:1,0
DA:2,0
DA:3,0
DA:4,0
DA:5,0
DA:6,0
DA:8,0
DA:10,0
DA:26,0
DA:27,0
DA:28,0
DA:29,0
DA:30,0
DA:31,0
DA:32,0
DA:34,0
DA:35,0
DA:37,0
DA:38,0
DA:39,0
DA:42,0
DA:43,0
DA:44,0
DA:47,0
DA:49,0
DA:50,0
DA:52,0
DA:55,0
DA:79,0
DA:92,0
DA:96,0
LF:31
LH:0
BRDA:43,0,0,0
BRDA:49,1,0,0
BRF:2
BRH:0
end_of_record
TN:
SF:src/components/NeedSomeTipsBanner.tsx
FN:43,(anonymous_1)
FN:52,(anonymous_2)
FN:61,(anonymous_3)
FN:65,(anonymous_4)
FN:68,(anonymous_5)
FNF:5
FNH:0
FNDA:0,(anonymous_1)
FNDA:0,(anonymous_2)
FNDA:0,(anonymous_3)
FNDA:0,(anonymous_4)
FNDA:0,(anonymous_5)
DA:1,0
DA:3,0
DA:4,0
DA:6,0
DA:9,0
DA:27,0
DA:33,0
DA:43,0
DA:44,0
DA:45,0
DA:46,0
DA:52,0
DA:61,0
DA:65,0
DA:68,0
DA:78,0
LF:16
LH:0
BRDA:13,0,0,0
BRDA:13,0,1,0
BRDA:13,1,0,0
BRDA:13,1,1,0
BRDA:51,2,0,0
BRDA:51,2,1,0
BRDA:51,3,0,0
BRDA:51,3,1,0
BRF:8
BRH:0
end_of_record
TN:
SF:src/components/OneTimeJobTime.tsx
FN:7,(anonymous_1)
FN:21,OneTimeJobTime
FN:27,(anonymous_3)
FNF:3
FNH:0
FNDA:0,(anonymous_1)
FNDA:0,OneTimeJobTime
FNDA:0,(anonymous_3)
DA:1,0
DA:2,0
DA:3,0
DA:4,0
DA:5,0
DA:7,0
DA:22,0
DA:23,0
DA:25,0
DA:27,0
DA:28,0
DA:29,0
DA:46,0
LF:13
LH:0
BRF:0
BRH:0
end_of_record
TN:
SF:src/components/OverlaySpinner.tsx
FN:26,OverlaySpinner
FNF:1
FNH:0
FNDA:0,OverlaySpinner
DA:1,2
DA:2,2
DA:3,2
DA:4,2
DA:5,2
DA:7,2
DA:27,0
DA:28,0
DA:39,0
DA:44,2
DA:50,2
LF:11
LH:8
BRDA:27,0,0,0
BRDA:39,1,0,0
BRF:2
BRH:0
end_of_record
TN:
SF:src/components/Password.tsx
FN:45,validatePasswordForm
FN:59,useGetNextStepLink
FN:88,useForm
FN:106,handleFailedPasswordUpdate
FN:113,handleSuccessPasswordUpdate
FN:117,(anonymous_7)
FN:129,(anonymous_8)
FN:135,handleSubmission
FN:182,(anonymous_11)
FN:187,(anonymous_12)
FN:199,(anonymous_13)
FNF:11
FNH:0
FNDA:0,validatePasswordForm
FNDA:0,useGetNextStepLink
FNDA:0,useForm
FNDA:0,handleFailedPasswordUpdate
FNDA:0,handleSuccessPasswordUpdate
FNDA:0,(anonymous_7)
FNDA:0,(anonymous_8)
FNDA:0,handleSubmission
FNDA:0,(anonymous_11)
FNDA:0,(anonymous_12)
FNDA:0,(anonymous_13)
DA:1,0
DA:2,0
DA:3,0
DA:4,0
DA:5,0
DA:6,0
DA:7,0
DA:9,0
DA:19,0
DA:20,0
DA:21,0
DA:22,0
DA:23,0
DA:24,0
DA:25,0
DA:26,0
DA:31,0
DA:32,0
DA:43,0
DA:46,0
DA:49,0
DA:56,0
DA:60,0
DA:61,0
DA:63,0
DA:65,0
DA:70,0
DA:73,0
DA:75,0
DA:78,0
DA:80,0
DA:83,0
DA:85,0
DA:89,0
DA:90,0
DA:94,0
DA:95,0
DA:97,0
DA:98,0
DA:100,0
DA:101,0
DA:103,0
DA:104,0
DA:107,0
DA:108,0
DA:110,0
DA:114,0
DA:116,0
DA:117,0
DA:118,0
DA:119,0
DA:122,0
DA:125,0
DA:130,0
DA:136,0
DA:137,0
DA:138,0
DA:146,0
DA:147,0
DA:158,0
DA:161,0
DA:182,0
DA:183,0
DA:184,0
DA:185,0
DA:187,0
DA:189,0
DA:190,0
DA:192,0
DA:196,0
DA:199,0
DA:200,0
DA:204,0
DA:207,0
DA:209,0
DA:274,0
LF:76
LH:0
BRDA:49,0,0,0
BRDA:49,0,1,0
BRDA:49,0,2,0
BRDA:49,0,3,0
BRDA:49,0,4,0
BRDA:49,0,5,0
BRDA:53,1,0,0
BRDA:53,1,1,0
BRDA:56,2,0,0
BRDA:56,2,1,0
BRDA:61,3,0,0
BRDA:61,3,1,0
BRDA:61,4,0,0
BRDA:61,4,1,0
BRDA:63,5,0,0
BRDA:63,5,1,0
BRDA:63,6,0,0
BRDA:63,6,1,0
BRDA:65,7,0,0
BRDA:65,7,1,0
BRDA:65,8,0,0
BRDA:65,8,1,0
BRDA:69,9,0,0
BRDA:69,9,1,0
BRDA:70,10,0,0
BRDA:70,10,1,0
BRDA:75,11,0,0
BRDA:75,11,1,0
BRDA:80,12,0,0
BRDA:80,12,1,0
BRDA:93,13,0,0
BRDA:93,13,1,0
BRDA:107,14,0,0
BRDA:107,14,1,0
BRDA:116,15,0,0
BRDA:118,16,0,0
BRDA:118,16,1,0
BRDA:164,17,0,0
BRDA:164,17,1,0
BRDA:164,18,0,0
BRDA:164,18,1,0
BRDA:189,19,0,0
BRDA:189,20,0,0
BRDA:189,20,1,0
BRDA:207,21,0,0
BRDA:207,21,1,0
BRDA:209,22,0,0
BRDA:215,23,0,0
BRF:48
BRH:0
end_of_record
TN:
SF:src/components/PayForCareSlider.tsx
FN:4,(anonymous_0)
FN:34,sliderCurrencyValue
FN:45,(anonymous_2)
FNF:3
FNH:0
FNDA:0,(anonymous_0)
FNDA:0,sliderCurrencyValue
FNDA:0,(anonymous_2)
DA:1,0
DA:2,0
DA:4,0
DA:27,0
DA:35,0
DA:45,0
DA:46,0
DA:47,0
DA:70,0
LF:9
LH:0
BRDA:61,0,0,0
BRF:1
BRH:0
end_of_record
TN:
SF:src/components/PhoneInput.tsx
FN:7,(anonymous_0)
FN:8,(anonymous_1)
FN:13,(anonymous_2)
FN:48,PhoneField
FNF:4
FNH:0
FNDA:0,(anonymous_0)
FNDA:0,(anonymous_1)
FNDA:0,(anonymous_2)
FNDA:0,PhoneField
DA:1,0
DA:2,0
DA:3,0
DA:5,0
DA:7,0
DA:8,0
DA:9,0
DA:10,0
DA:13,0
DA:48,0
DA:49,0
DA:50,0
DA:52,0
DA:64,0
LF:14
LH:0
BRDA:7,0,0,0
BRDA:7,0,1,0
BRDA:13,1,0,0
BRDA:13,1,1,0
BRDA:50,2,0,0
BRDA:50,2,1,0
BRDA:50,3,0,0
BRDA:50,3,1,0
BRDA:52,4,0,0
BRDA:52,4,1,0
BRDA:59,5,0,0
BRDA:59,5,1,0
BRF:12
BRH:0
end_of_record
TN:
SF:src/components/PostAJobDates.tsx
FN:13,(anonymous_1)
FN:37,sanitizeDate
FN:54,PostAJobDates
FN:62,(anonymous_4)
FN:86,(anonymous_5)
FN:94,(anonymous_6)
FN:102,(anonymous_7)
FNF:7
FNH:0
FNDA:0,(anonymous_1)
FNDA:0,sanitizeDate
FNDA:0,PostAJobDates
FNDA:0,(anonymous_4)
FNDA:0,(anonymous_5)
FNDA:0,(anonymous_6)
FNDA:0,(anonymous_7)
DA:1,0
DA:2,0
DA:3,0
DA:4,0
DA:5,0
DA:6,0
DA:7,0
DA:8,0
DA:10,0
DA:11,0
DA:13,0
DA:38,0
DA:39,0
DA:41,0
DA:55,0
DA:57,0
DA:59,0
DA:62,0
DA:63,0
DA:64,0
DA:65,0
DA:66,0
DA:68,0
DA:72,0
DA:75,0
DA:77,0
DA:78,0
DA:79,0
DA:83,0
DA:86,0
DA:87,0
DA:88,0
DA:89,0
DA:91,0
DA:94,0
DA:95,0
DA:96,0
DA:97,0
DA:99,0
DA:102,0
DA:103,0
DA:136,0
DA:140,0
LF:43
LH:0
BRDA:38,0,0,0
BRDA:38,1,0,0
BRDA:38,1,1,0
BRDA:64,2,0,0
BRDA:64,2,1,0
BRDA:64,3,0,0
BRDA:64,3,1,0
BRDA:68,4,0,0
BRDA:68,4,1,0
BRDA:72,5,0,0
BRDA:72,5,1,0
BRDA:76,6,0,0
BRDA:76,6,1,0
BRDA:76,6,2,0
BRDA:77,7,0,0
BRDA:77,8,0,0
BRDA:77,8,1,0
BRDA:80,9,0,0
BRDA:80,9,1,0
BRDA:88,10,0,0
BRDA:88,11,0,0
BRDA:88,11,1,0
BRDA:96,12,0,0
BRDA:96,13,0,0
BRDA:96,13,1,0
BRDA:114,14,0,0
BRDA:114,14,1,0
BRDA:114,15,0,0
BRDA:114,15,1,0
BRDA:115,16,0,0
BRDA:115,16,1,0
BRDA:115,17,0,0
BRDA:115,17,1,0
BRDA:126,18,0,0
BRDA:126,18,1,0
BRDA:126,19,0,0
BRDA:126,19,1,0
BRDA:127,20,0,0
BRDA:127,20,1,0
BRDA:127,21,0,0
BRDA:127,21,1,0
BRF:41
BRH:0
end_of_record
TN:
SF:src/components/PostAJobDays.tsx
FN:25,(anonymous_1)
FN:61,(anonymous_2)
FN:67,(anonymous_3)
FN:68,(anonymous_4)
FN:72,(anonymous_5)
FN:85,(anonymous_6)
FN:92,(anonymous_7)
FN:94,(anonymous_8)
FN:95,(anonymous_9)
FN:104,(anonymous_10)
FN:111,(anonymous_11)
FNF:11
FNH:0
FNDA:0,(anonymous_1)
FNDA:0,(anonymous_2)
FNDA:0,(anonymous_3)
FNDA:0,(anonymous_4)
FNDA:0,(anonymous_5)
FNDA:0,(anonymous_6)
FNDA:0,(anonymous_7)
FNDA:0,(anonymous_8)
FNDA:0,(anonymous_9)
FNDA:0,(anonymous_10)
FNDA:0,(anonymous_11)
DA:16,0
DA:17,0
DA:18,0
DA:20,0
DA:25,0
DA:61,0
DA:62,0
DA:63,0
DA:64,0
DA:65,0
DA:67,0
DA:68,0
DA:69,0
DA:72,0
DA:73,0
DA:76,0
DA:77,0
DA:78,0
DA:80,0
DA:84,0
DA:86,0
DA:88,0
DA:92,0
DA:94,0
DA:95,0
DA:96,0
DA:98,0
DA:99,0
DA:103,0
DA:104,0
DA:105,0
DA:106,0
DA:111,0
DA:112,0
DA:113,0
DA:114,0
DA:116,0
DA:117,0
DA:118,0
DA:119,0
DA:144,0
LF:41
LH:0
BRDA:76,0,0,0
BRDA:76,1,0,0
BRDA:76,1,1,0
BRDA:86,2,0,0
BRDA:98,3,0,0
BRDA:98,4,0,0
BRDA:98,4,1,0
BRDA:105,5,0,0
BRDA:116,6,0,0
BRDA:116,6,1,0
BRDA:116,7,0,0
BRDA:116,7,1,0
BRDA:118,8,0,0
BRDA:118,9,0,0
BRDA:118,9,1,0
BRDA:126,10,0,0
BRF:16
BRH:0
end_of_record
TN:
SF:src/components/ProgressBar.tsx
FN:5,(anonymous_1)
FN:25,(anonymous_2)
FNF:2
FNH:0
FNDA:0,(anonymous_1)
FNDA:0,(anonymous_2)
DA:1,0
DA:2,0
DA:3,0
DA:5,0
DA:25,0
DA:29,0
LF:6
LH:0
BRDA:12,0,0,0
BRDA:12,0,1,0
BRDA:16,1,0,0
BRDA:16,1,1,0
BRDA:16,2,0,0
BRDA:16,2,1,0
BRF:6
BRH:0
end_of_record
TN:
SF:src/components/ProgressFlowNavbar.tsx
FN:5,(anonymous_1)
FN:13,(anonymous_2)
FNF:2
FNH:0
FNDA:0,(anonymous_1)
FNDA:0,(anonymous_2)
DA:1,0
DA:2,0
DA:3,0
DA:5,0
DA:13,0
DA:14,0
DA:15,0
DA:18,0
DA:19,0
DA:20,0
DA:22,0
DA:23,0
DA:24,0
DA:26,0
DA:27,0
DA:28,0
DA:29,0
DA:31,0
DA:32,0
DA:33,0
DA:34,0
DA:51,0
DA:55,0
LF:23
LH:0
BRDA:19,0,0,0
BRDA:19,0,1,0
BRDA:22,1,0,0
BRDA:22,1,1,0
BRDA:26,2,0,0
BRDA:26,2,1,0
BRDA:28,3,0,0
BRDA:31,4,0,0
BRDA:31,4,1,0
BRDA:33,5,0,0
BRF:10
BRH:0
end_of_record
TN:
SF:src/components/ProviderWhatsNextList.tsx
FN:35,(anonymous_2)
FN:53,(anonymous_3)
FN:57,isInactiveStep
FN:61,isCompletedStep
FN:72,(anonymous_6)
FNF:5
FNH:0
FNDA:0,(anonymous_2)
FNDA:0,(anonymous_3)
FNDA:0,isInactiveStep
FNDA:0,isCompletedStep
FNDA:0,(anonymous_6)
DA:1,0
DA:2,0
DA:3,0
DA:5,0
DA:35,0
DA:42,0
DA:53,0
DA:54,0
DA:55,0
DA:58,0
DA:62,0
DA:72,0
DA:98,0
LF:13
LH:0
BRDA:12,0,0,0
BRDA:12,0,1,0
BRDA:12,1,0,0
BRDA:12,1,1,0
BRDA:22,2,0,0
BRDA:22,2,1,0
BRDA:22,3,0,0
BRDA:22,3,1,0
BRDA:35,4,0,0
BRDA:35,4,1,0
BRDA:87,5,0,0
BRDA:87,5,1,0
BRF:12
BRH:0
end_of_record
TN:
SF:src/components/QuotesIcon.tsx
FN:1,QuotesIcon
FNF:1
FNH:0
FNDA:0,QuotesIcon
DA:53,0
DA:55,0
LF:2
LH:0
BRF:0
BRH:0
end_of_record
TN:
SF:src/components/RecurringJobTime.tsx
FN:29,(anonymous_2)
FN:69,(anonymous_3)
FN:86,(anonymous_4)
FN:98,(anonymous_5)
FN:104,(anonymous_6)
FN:111,(anonymous_7)
FN:118,(anonymous_8)
FN:150,(anonymous_9)
FNF:8
FNH:0
FNDA:0,(anonymous_2)
FNDA:0,(anonymous_3)
FNDA:0,(anonymous_4)
FNDA:0,(anonymous_5)
FNDA:0,(anonymous_6)
FNDA:0,(anonymous_7)
FNDA:0,(anonymous_8)
FNDA:0,(anonymous_9)
DA:22,0
DA:23,0
DA:24,0
DA:26,0
DA:27,0
DA:29,0
DA:69,0
DA:70,0
DA:72,0
DA:84,0
DA:86,0
DA:87,0
DA:89,0
DA:90,0
DA:91,0
DA:93,0
DA:97,0
DA:99,0
DA:100,0
DA:104,0
DA:105,0
DA:106,0
DA:110,0
DA:111,0
DA:112,0
DA:115,0
DA:118,0
DA:120,0
DA:121,0
DA:124,0
DA:125,0
DA:127,0
DA:130,0
DA:151,0
DA:197,0
DA:202,0
LF:36
LH:0
BRDA:89,0,0,0
BRDA:89,1,0,0
BRDA:89,1,1,0
BRDA:89,2,0,0
BRDA:89,2,1,0
BRDA:99,3,0,0
BRDA:105,4,0,0
BRDA:105,5,0,0
BRDA:105,5,1,0
BRDA:120,6,0,0
BRDA:124,7,0,0
BRDA:138,8,0,0
BRDA:143,9,0,0
BRDA:169,10,0,0
BRDA:169,11,0,0
BRDA:169,11,1,0
BRDA:182,12,0,0
BRF:17
BRH:0
end_of_record
TN:
SF:src/components/RenderIf.tsx
FN:8,(anonymous_1)
FNF:1
FNH:0
FNDA:0,(anonymous_1)
DA:1,0
DA:8,0
DA:9,0
DA:12,0
DA:15,0
LF:5
LH:0
BRDA:9,0,0,0
BRF:1
BRH:0
end_of_record
TN:
SF:src/components/SavingCard.tsx
FN:74,(anonymous_2)
FNF:1
FNH:0
FNDA:0,(anonymous_2)
DA:2,0
DA:3,0
DA:4,0
DA:5,0
DA:15,0
DA:74,0
DA:75,0
DA:84,0
DA:120,0
LF:9
LH:0
BRDA:41,0,0,0
BRDA:41,0,1,0
BRDA:41,1,0,0
BRDA:41,1,1,0
BRDA:74,2,0,0
BRDA:93,3,0,0
BRDA:96,4,0,0
BRF:7
BRH:0
end_of_record
TN:
SF:src/components/SectionWithTitle.tsx
FN:10,(anonymous_0)
FN:21,SectionWithTitle
FNF:2
FNH:0
FNDA:0,(anonymous_0)
FNDA:0,SectionWithTitle
DA:1,0
DA:2,0
DA:10,0
DA:22,0
DA:36,0
DA:40,0
LF:6
LH:0
BRDA:30,0,0,0
BRDA:30,0,1,0
BRF:2
BRH:0
end_of_record
TN:
SF:src/components/ShowMore.tsx
FN:13,ShowMore
FN:27,(anonymous_2)
FNF:2
FNH:0
FNDA:0,ShowMore
FNDA:0,(anonymous_2)
DA:1,0
DA:3,0
DA:4,0
DA:14,0
DA:15,0
DA:27,0
DA:35,0
LF:7
LH:0
BRDA:20,0,0,0
BRDA:20,0,1,0
BRDA:22,1,0,0
BRDA:22,1,1,0
BRDA:26,2,0,0
BRDA:26,2,1,0
BRDA:26,3,0,0
BRDA:26,3,1,0
BRDA:26,4,0,0
BRDA:26,4,1,0
BRDA:26,5,0,0
BRDA:26,5,1,0
BRDA:28,6,0,0
BRDA:28,6,1,0
BRF:14
BRH:0
end_of_record
TN:
SF:src/components/SkipOrSaveButton.tsx
FN:63,(anonymous_2)
FN:69,(anonymous_3)
FN:132,(anonymous_6)
FN:171,SkipOrSaveButton
FNF:4
FNH:0
FNDA:0,(anonymous_2)
FNDA:0,(anonymous_3)
FNDA:0,(anonymous_6)
FNDA:0,SkipOrSaveButton
DA:1,0
DA:3,0
DA:4,0
DA:5,0
DA:12,0
DA:24,0
DA:63,0
DA:69,0
DA:81,0
DA:112,0
DA:132,0
DA:146,0
DA:148,0
DA:163,0
DA:180,0
DA:260,0
DA:267,0
LF:17
LH:0
BRDA:55,0,0,0
BRDA:55,0,1,0
BRDA:55,1,0,0
BRDA:55,1,1,0
BRDA:55,2,0,0
BRDA:55,2,1,0
BRDA:58,3,0,0
BRDA:58,3,1,0
BRDA:58,4,0,0
BRDA:58,4,1,0
BRDA:58,5,0,0
BRDA:58,5,1,0
BRDA:61,6,0,0
BRDA:61,6,1,0
BRDA:61,7,0,0
BRDA:61,7,1,0
BRDA:61,8,0,0
BRDA:61,8,1,0
BRDA:64,9,0,0
BRDA:64,9,1,0
BRDA:72,10,0,0
BRDA:72,10,1,0
BRDA:73,11,0,0
BRDA:73,11,1,0
BRDA:74,12,0,0
BRDA:74,12,1,0
BRDA:78,13,0,0
BRDA:78,13,1,0
BRDA:84,14,0,0
BRDA:84,14,1,0
BRDA:84,15,0,0
BRDA:84,15,1,0
BRDA:84,16,0,0
BRDA:84,16,1,0
BRDA:84,17,0,0
BRDA:84,17,1,0
BRDA:86,18,0,0
BRDA:86,18,1,0
BRDA:87,19,0,0
BRDA:87,19,1,0
BRDA:88,20,0,0
BRDA:88,20,1,0
BRDA:89,21,0,0
BRDA:89,21,1,0
BRDA:98,22,0,0
BRDA:98,22,1,0
BRDA:98,23,0,0
BRDA:98,23,1,0
BRDA:98,24,0,0
BRDA:98,24,1,0
BRDA:98,25,0,0
BRDA:98,25,1,0
BRDA:99,26,0,0
BRDA:99,26,1,0
BRDA:102,27,0,0
BRDA:102,27,1,0
BRDA:102,28,0,0
BRDA:102,28,1,0
BRDA:102,29,0,0
BRDA:102,29,1,0
BRDA:113,30,0,0
BRDA:113,30,1,0
BRDA:121,31,0,0
BRDA:121,31,1,0
BRDA:121,32,0,0
BRDA:121,32,1,0
BRDA:121,33,0,0
BRDA:121,33,1,0
BRDA:127,34,0,0
BRDA:127,34,1,0
BRDA:133,35,0,0
BRDA:133,35,1,0
BRDA:136,36,0,0
BRDA:136,36,1,0
BRDA:176,37,0,0
BRDA:177,38,0,0
BRDA:212,39,0,0
BRDA:212,39,1,0
BRDA:226,40,0,0
BRDA:226,40,1,0
BRDA:241,41,0,0
BRDA:241,41,1,0
BRDA:243,42,0,0
BRDA:246,43,0,0
BRDA:250,44,0,0
BRDA:250,44,1,0
BRF:86
BRH:0
end_of_record
TN:
SF:src/components/SpecificCareTimes.tsx
FN:95,buildScheduleLabel
FN:96,(anonymous_3)
FN:102,SpecificCareTimes
FN:117,(anonymous_5)
FN:122,(anonymous_6)
FN:146,(anonymous_7)
FN:151,(anonymous_8)
FN:161,(anonymous_9)
FN:170,(anonymous_10)
FN:183,(anonymous_11)
FN:195,(anonymous_12)
FNF:11
FNH:6
FNDA:3,buildScheduleLabel
FNDA:3,(anonymous_3)
FNDA:4,SpecificCareTimes
FNDA:28,(anonymous_5)
FNDA:3,(anonymous_6)
FNDA:3,(anonymous_7)
FNDA:0,(anonymous_8)
FNDA:0,(anonymous_9)
FNDA:0,(anonymous_10)
FNDA:0,(anonymous_11)
FNDA:0,(anonymous_12)
DA:2,2
DA:12,2
DA:13,2
DA:14,2
DA:16,2
DA:17,2
DA:18,2
DA:19,2
DA:34,4
DA:96,3
DA:99,3
DA:108,4
DA:109,4
DA:110,4
DA:111,4
DA:112,4
DA:113,4
DA:114,4
DA:115,4
DA:117,4
DA:118,28
DA:120,28
DA:121,28
DA:123,3
DA:125,28
DA:127,28
DA:128,3
DA:148,3
DA:152,0
DA:153,0
DA:161,0
DA:170,0
DA:184,0
DA:196,0
DA:197,0
DA:215,25
DA:221,2
DA:226,2
LF:38
LH:31
BRDA:68,0,0,4
BRDA:68,0,1,4
BRDA:68,1,0,4
BRDA:68,1,1,4
BRDA:68,2,0,4
BRDA:68,2,1,4
BRDA:104,3,0,0
BRDA:105,4,0,0
BRDA:110,5,0,4
BRDA:110,5,1,0
BRDA:110,6,0,4
BRDA:110,6,1,4
BRDA:111,7,0,4
BRDA:111,7,1,0
BRDA:111,8,0,4
BRDA:111,8,1,4
BRDA:115,9,0,4
BRDA:115,9,1,0
BRDA:115,10,0,4
BRDA:115,10,1,4
BRDA:115,11,0,0
BRDA:115,11,1,4
BRDA:115,12,0,4
BRDA:115,12,1,4
BRDA:120,13,0,25
BRDA:120,13,1,3
BRDA:120,14,0,28
BRDA:120,14,1,28
BRDA:122,15,0,25
BRDA:122,15,1,3
BRDA:122,16,0,28
BRDA:122,16,1,28
BRDA:125,17,0,28
BRDA:125,17,1,0
BRDA:127,18,0,3
BRDA:167,19,0,0
BRDA:167,19,1,3
BRDA:167,20,0,3
BRDA:167,20,1,0
BRDA:176,21,0,0
BRDA:196,22,0,0
BRF:41
BRH:30
end_of_record
TN:
SF:src/components/SpecificCareTimesChildCare.tsx
FN:85,buildScheduleLabel
FN:86,(anonymous_3)
FN:92,SpecificCareTimesChildCare
FN:106,(anonymous_5)
FN:110,(anonymous_6)
FN:129,(anonymous_7)
FN:134,(anonymous_8)
FN:150,(anonymous_9)
FN:158,(anonymous_10)
FN:169,(anonymous_11)
FNF:10
FNH:0
FNDA:0,buildScheduleLabel
FNDA:0,(anonymous_3)
FNDA:0,SpecificCareTimesChildCare
FNDA:0,(anonymous_5)
FNDA:0,(anonymous_6)
FNDA:0,(anonymous_7)
FNDA:0,(anonymous_8)
FNDA:0,(anonymous_9)
FNDA:0,(anonymous_10)
FNDA:0,(anonymous_11)
DA:2,0
DA:11,0
DA:12,0
DA:13,0
DA:15,0
DA:16,0
DA:17,0
DA:18,0
DA:33,0
DA:86,0
DA:89,0
DA:98,0
DA:99,0
DA:100,0
DA:101,0
DA:102,0
DA:103,0
DA:104,0
DA:106,0
DA:107,0
DA:108,0
DA:109,0
DA:111,0
DA:113,0
DA:114,0
DA:115,0
DA:131,0
DA:135,0
DA:136,0
DA:150,0
DA:158,0
DA:170,0
DA:171,0
DA:188,0
DA:194,0
DA:198,0
LF:36
LH:0
BRDA:55,0,0,0
BRDA:55,0,1,0
BRDA:55,1,0,0
BRDA:55,1,1,0
BRDA:55,2,0,0
BRDA:55,2,1,0
BRDA:94,3,0,0
BRDA:95,4,0,0
BRDA:99,5,0,0
BRDA:99,5,1,0
BRDA:99,6,0,0
BRDA:99,6,1,0
BRDA:100,7,0,0
BRDA:100,7,1,0
BRDA:100,8,0,0
BRDA:100,8,1,0
BRDA:104,9,0,0
BRDA:104,9,1,0
BRDA:104,10,0,0
BRDA:104,10,1,0
BRDA:104,11,0,0
BRDA:104,11,1,0
BRDA:104,12,0,0
BRDA:104,12,1,0
BRDA:104,13,0,0
BRDA:104,13,1,0
BRDA:104,14,0,0
BRDA:104,14,1,0
BRDA:108,15,0,0
BRDA:108,15,1,0
BRDA:108,16,0,0
BRDA:108,16,1,0
BRDA:110,17,0,0
BRDA:110,17,1,0
BRDA:110,18,0,0
BRDA:110,18,1,0
BRDA:113,19,0,0
BRDA:113,19,1,0
BRDA:114,20,0,0
BRDA:155,21,0,0
BRDA:155,21,1,0
BRDA:155,22,0,0
BRDA:155,22,1,0
BRDA:170,23,0,0
BRF:44
BRH:0
end_of_record
TN:
SF:src/components/TaxCalculatorInputs.tsx
FN:23,(anonymous_1)
FN:25,(anonymous_2)
FN:27,(anonymous_3)
FN:42,(anonymous_4)
FN:50,(anonymous_5)
FN:57,(anonymous_6)
FN:94,(anonymous_7)
FN:111,(anonymous_8)
FNF:8
FNH:0
FNDA:0,(anonymous_1)
FNDA:0,(anonymous_2)
FNDA:0,(anonymous_3)
FNDA:0,(anonymous_4)
FNDA:0,(anonymous_5)
FNDA:0,(anonymous_6)
FNDA:0,(anonymous_7)
FNDA:0,(anonymous_8)
DA:1,0
DA:10,0
DA:11,0
DA:12,0
DA:13,0
DA:23,0
DA:26,0
DA:27,0
DA:42,0
DA:43,0
DA:44,0
DA:45,0
DA:46,0
DA:47,0
DA:48,0
DA:50,0
DA:51,0
DA:52,0
DA:53,0
DA:57,0
DA:63,0
DA:64,0
DA:94,0
DA:111,0
DA:124,0
LF:25
LH:0
BRDA:26,0,0,0
BRDA:26,0,1,0
BRDA:26,1,0,0
BRDA:26,1,1,0
BRDA:27,2,0,0
BRDA:27,2,1,0
BRDA:27,2,2,0
BRDA:52,3,0,0
BRDA:96,4,0,0
BRDA:96,4,1,0
BRF:10
BRH:0
end_of_record
TN:
SF:src/components/TermsConditions.tsx
FN:5,(anonymous_1)
FN:13,(anonymous_2)
FNF:2
FNH:0
FNDA:0,(anonymous_1)
FNDA:0,(anonymous_2)
DA:1,0
DA:2,0
DA:5,0
DA:13,0
DA:20,0
DA:30,0
DA:34,0
LF:7
LH:0
BRF:0
BRH:0
end_of_record
TN:
SF:src/components/TimeSlider.tsx
FN:16,toSliderValue
FN:23,toSliderValues
FN:28,(anonymous_2)
FN:32,(anonymous_3)
FN:34,handleChange
FNF:5
FNH:4
FNDA:6,toSliderValue
FNDA:3,toSliderValues
FNDA:3,(anonymous_2)
FNDA:6,(anonymous_3)
FNDA:0,handleChange
DA:2,2
DA:3,2
DA:17,6
DA:18,6
DA:24,3
DA:25,3
DA:28,2
DA:29,3
DA:31,3
DA:32,6
DA:35,0
DA:36,0
DA:37,0
DA:38,0
DA:40,0
DA:41,0
DA:46,3
DA:47,3
DA:73,2
DA:79,2
LF:20
LH:14
BRDA:36,0,0,0
BRDA:40,1,0,0
BRDA:40,2,0,0
BRDA:40,2,1,0
BRF:4
BRH:0
end_of_record
TN:
SF:src/components/TransitionSpinner.tsx
FN:6,(anonymous_0)
FN:29,TransitionSpinner
FNF:2
FNH:0
FNDA:0,(anonymous_0)
FNDA:0,TransitionSpinner
DA:1,0
DA:2,0
DA:3,0
DA:4,0
DA:6,0
DA:30,0
DA:44,0
LF:7
LH:0
BRF:0
BRH:0
end_of_record
TN:
SF:src/components/YesNoNotSurePills.tsx
FN:11,(anonymous_0)
FN:33,YesNoNotSurePills
FN:43,(anonymous_2)
FNF:3
FNH:0
FNDA:0,(anonymous_0)
FNDA:0,YesNoNotSurePills
FNDA:0,(anonymous_2)
DA:1,0
DA:2,0
DA:3,0
DA:5,0
DA:11,0
DA:34,0
DA:35,0
DA:43,0
DA:50,0
LF:9
LH:0
BRF:0
BRH:0
end_of_record
TN:
SF:src/components/ZipInput.tsx
FN:24,(anonymous_1)
FN:29,(anonymous_2)
FN:39,(anonymous_3)
FN:47,(anonymous_4)
FN:54,(anonymous_5)
FN:55,(anonymous_6)
FN:73,(anonymous_7)
FN:79,(anonymous_8)
FN:90,(anonymous_9)
FN:94,(anonymous_10)
FN:98,(anonymous_11)
FN:102,(anonymous_12)
FN:107,(anonymous_13)
FN:108,(anonymous_14)
FN:112,(anonymous_15)
FN:113,(anonymous_16)
FN:115,(anonymous_17)
FN:121,(anonymous_18)
FN:124,(anonymous_19)
FN:127,(anonymous_20)
FNF:20
FNH:0
FNDA:0,(anonymous_1)
FNDA:0,(anonymous_2)
FNDA:0,(anonymous_3)
FNDA:0,(anonymous_4)
FNDA:0,(anonymous_5)
FNDA:0,(anonymous_6)
FNDA:0,(anonymous_7)
FNDA:0,(anonymous_8)
FNDA:0,(anonymous_9)
FNDA:0,(anonymous_10)
FNDA:0,(anonymous_11)
FNDA:0,(anonymous_12)
FNDA:0,(anonymous_13)
FNDA:0,(anonymous_14)
FNDA:0,(anonymous_15)
FNDA:0,(anonymous_16)
FNDA:0,(anonymous_17)
FNDA:0,(anonymous_18)
FNDA:0,(anonymous_19)
FNDA:0,(anonymous_20)
DA:2,0
DA:3,0
DA:4,0
DA:5,0
DA:6,0
DA:8,0
DA:9,0
DA:24,0
DA:29,0
DA:39,0
DA:47,0
DA:54,0
DA:55,0
DA:59,0
DA:60,0
DA:62,0
DA:64,0
DA:70,0
DA:71,0
DA:73,0
DA:74,0
DA:75,0
DA:79,0
DA:80,0
DA:81,0
DA:82,0
DA:84,0
DA:85,0
DA:87,0
DA:90,0
DA:91,0
DA:94,0
DA:95,0
DA:98,0
DA:99,0
DA:102,0
DA:103,0
DA:104,0
DA:106,0
DA:107,0
DA:108,0
DA:112,0
DA:113,0
DA:115,0
DA:121,0
DA:122,0
DA:124,0
DA:125,0
DA:127,0
DA:132,0
DA:141,0
DA:168,0
LF:52
LH:0
BRDA:29,0,0,0
BRDA:29,0,1,0
BRDA:29,1,0,0
BRDA:29,1,1,0
BRDA:39,2,0,0
BRDA:39,2,1,0
BRDA:39,3,0,0
BRDA:39,3,1,0
BRDA:49,4,0,0
BRDA:50,5,0,0
BRDA:51,6,0,0
BRDA:52,7,0,0
BRDA:53,8,0,0
BRDA:54,9,0,0
BRDA:55,10,0,0
BRDA:65,11,0,0
BRDA:65,11,1,0
BRDA:65,12,0,0
BRDA:65,12,1,0
BRDA:65,13,0,0
BRDA:65,13,1,0
BRDA:65,14,0,0
BRDA:65,14,1,0
BRDA:74,15,0,0
BRDA:74,16,0,0
BRDA:74,16,1,0
BRDA:84,17,0,0
BRDA:95,18,0,0
BRDA:95,18,1,0
BRDA:103,19,0,0
BRDA:106,20,0,0
BRDA:106,21,0,0
BRDA:106,21,1,0
BRDA:113,22,0,0
BRDA:113,22,1,0
BRDA:115,23,0,0
BRDA:115,23,1,0
BRDA:117,24,0,0
BRDA:117,24,1,0
BRDA:118,25,0,0
BRDA:118,25,1,0
BRDA:122,26,0,0
BRDA:122,26,1,0
BRDA:125,27,0,0
BRDA:125,27,1,0
BRDA:128,28,0,0
BRDA:128,28,1,0
BRDA:129,29,0,0
BRDA:129,29,1,0
BRDA:133,30,0,0
BRDA:133,30,1,0
BRDA:133,30,2,0
BRDA:133,30,3,0
BRDA:133,30,4,0
BRDA:149,31,0,0
BRDA:149,31,1,0
BRDA:158,32,0,0
BRDA:158,32,1,0
BRF:58
BRH:0
end_of_record
TN:
SF:src/components/CenteredPage/index.tsx
FN:10,(anonymous_1)
FN:20,CenteredPage
FNF:2
FNH:0
FNDA:0,(anonymous_1)
FNDA:0,CenteredPage
DA:1,0
DA:2,0
DA:10,0
DA:20,0
DA:21,0
DA:22,0
DA:23,0
DA:24,0
DA:40,0
LF:9
LH:0
BRDA:21,0,0,0
BRDA:29,1,0,0
BRDA:29,1,1,0
BRF:3
BRH:0
end_of_record
TN:
SF:src/components/PageTransition/index.tsx
FN:28,(anonymous_1)
FN:49,(anonymous_3)
FN:58,(anonymous_4)
FN:72,(anonymous_5)
FNF:4
FNH:0
FNDA:0,(anonymous_1)
FNDA:0,(anonymous_3)
FNDA:0,(anonymous_4)
FNDA:0,(anonymous_5)
DA:2,0
DA:3,0
DA:4,0
DA:5,0
DA:6,0
DA:21,0
DA:28,0
DA:29,0
DA:32,0
DA:33,0
DA:35,0
DA:36,0
DA:38,0
DA:39,0
DA:41,0
DA:42,0
DA:45,0
DA:49,0
DA:58,0
DA:59,0
DA:60,0
DA:63,0
DA:80,0
LF:23
LH:0
BRDA:31,0,0,0
BRDA:31,0,1,0
BRDA:31,0,2,0
BRDA:54,1,0,0
BRDA:54,1,1,0
BRDA:68,2,0,0
BRDA:68,2,1,0
BRDA:68,3,0,0
BRDA:68,3,1,0
BRF:9
BRH:0
end_of_record
TN:
SF:src/components/PageTransition/useBeforePopState.tsx
FN:5,handleBeforePopState
FN:10,(anonymous_1)
FN:13,(anonymous_2)
FN:17,(anonymous_3)
FNF:4
FNH:0
FNDA:0,handleBeforePopState
FNDA:0,(anonymous_1)
FNDA:0,(anonymous_2)
FNDA:0,(anonymous_3)
DA:1,0
DA:2,0
DA:4,0
DA:6,0
DA:7,0
DA:10,0
DA:11,0
DA:13,0
DA:14,0
DA:17,0
DA:18,0
DA:19,0
DA:23,0
DA:26,0
LF:14
LH:0
BRDA:18,0,0,0
BRF:1
BRH:0
end_of_record
TN:
SF:src/components/PageTransition/tests/PageTransitionTestData.tsx
FNF:0
FNH:0
DA:7,0
DA:8,0
DA:15,0
DA:34,0
LF:4
LH:0
BRF:0
BRH:0
end_of_record
TN:
SF:src/components/blocks/FormikCheckbox.tsx
FN:7,FormikCheckbox
FNF:1
FNH:0
FNDA:0,FormikCheckbox
DA:1,0
DA:2,0
DA:8,0
DA:9,0
DA:14,0
LF:5
LH:0
BRF:0
BRH:0
end_of_record
TN:
SF:src/components/blocks/FormikInlineTextField.tsx
FN:7,FormikInlineTextField
FNF:1
FNH:0
FNDA:0,FormikInlineTextField
DA:1,0
DA:2,0
DA:8,0
DA:9,0
DA:10,0
DA:11,0
DA:23,0
DA:27,0
LF:8
LH:0
BRDA:11,0,0,0
BRDA:11,0,1,0
BRDA:18,1,0,0
BRDA:18,1,1,0
BRF:4
BRH:0
end_of_record
TN:
SF:src/components/blocks/Highlighter.tsx
FN:48,(anonymous_1)
FN:54,(anonymous_2)
FN:55,(anonymous_3)
FN:75,(anonymous_4)
FN:88,(anonymous_5)
FN:89,(anonymous_6)
FN:90,(anonymous_7)
FN:94,(anonymous_8)
FN:104,(anonymous_9)
FN:112,(anonymous_10)
FN:155,(anonymous_11)
FNF:11
FNH:0
FNDA:0,(anonymous_1)
FNDA:0,(anonymous_2)
FNDA:0,(anonymous_3)
FNDA:0,(anonymous_4)
FNDA:0,(anonymous_5)
FNDA:0,(anonymous_6)
FNDA:0,(anonymous_7)
FNDA:0,(anonymous_8)
FNDA:0,(anonymous_9)
FNDA:0,(anonymous_10)
FNDA:0,(anonymous_11)
DA:1,0
DA:2,0
DA:5,0
DA:48,0
DA:49,0
DA:50,0
DA:52,0
DA:54,0
DA:56,0
DA:59,0
DA:60,0
DA:61,0
DA:63,0
DA:64,0
DA:68,0
DA:69,0
DA:72,0
DA:75,0
DA:76,0
DA:77,0
DA:78,0
DA:86,0
DA:88,0
DA:89,0
DA:90,0
DA:91,0
DA:94,0
DA:99,0
DA:103,0
DA:104,0
DA:109,0
DA:110,0
DA:111,0
DA:112,0
DA:113,0
DA:114,0
DA:115,0
DA:116,0
DA:117,0
DA:119,0
DA:138,0
DA:143,0
DA:146,0
DA:147,0
DA:150,0
DA:151,0
DA:152,0
DA:155,0
DA:156,0
DA:157,0
DA:158,0
DA:159,0
DA:173,0
LF:53
LH:0
BRDA:18,0,0,0
BRDA:18,0,1,0
BRDA:18,1,0,0
BRDA:18,1,1,0
BRDA:19,2,0,0
BRDA:19,2,1,0
BRDA:19,3,0,0
BRDA:19,3,1,0
BRDA:59,4,0,0
BRDA:60,5,0,0
BRDA:68,6,0,0
BRDA:91,7,0,0
BRDA:109,8,0,0
BRDA:109,9,0,0
BRDA:109,9,1,0
BRDA:109,10,0,0
BRDA:109,10,1,0
BRDA:109,11,0,0
BRDA:109,11,1,0
BRDA:110,12,0,0
BRDA:110,12,1,0
BRDA:110,13,0,0
BRDA:110,13,1,0
BRDA:110,14,0,0
BRDA:110,14,1,0
BRDA:110,15,0,0
BRDA:110,15,1,0
BRDA:110,16,0,0
BRDA:110,16,1,0
BRDA:110,17,0,0
BRDA:110,17,1,0
BRDA:111,18,0,0
BRDA:113,19,0,0
BRDA:113,20,0,0
BRDA:113,20,1,0
BRDA:113,21,0,0
BRDA:113,21,1,0
BRDA:113,22,0,0
BRDA:113,22,1,0
BRDA:130,23,0,0
BRDA:130,23,1,0
BRDA:130,24,0,0
BRDA:130,24,1,0
BRDA:131,25,0,0
BRDA:131,25,1,0
BRDA:131,26,0,0
BRDA:131,26,1,0
BRDA:132,27,0,0
BRDA:132,27,1,0
BRDA:132,28,0,0
BRDA:132,28,1,0
BRDA:134,29,0,0
BRDA:134,29,1,0
BRDA:134,30,0,0
BRDA:134,30,1,0
BRDA:134,31,0,0
BRDA:134,31,1,0
BRDA:134,32,0,0
BRDA:134,32,1,0
BRDA:135,33,0,0
BRDA:135,33,1,0
BRDA:135,34,0,0
BRDA:135,34,1,0
BRDA:135,35,0,0
BRDA:135,35,1,0
BRDA:136,36,0,0
BRDA:136,36,1,0
BRDA:139,37,0,0
BRDA:139,37,1,0
BRDA:139,38,0,0
BRDA:139,38,1,0
BRDA:139,39,0,0
BRDA:139,39,1,0
BRDA:140,40,0,0
BRDA:140,40,1,0
BRDA:140,41,0,0
BRDA:140,41,1,0
BRDA:140,42,0,0
BRDA:140,42,1,0
BRDA:146,43,0,0
BRDA:150,44,0,0
BRDA:150,44,1,0
BRDA:151,45,0,0
BRDA:156,46,0,0
BRDA:159,47,0,0
BRDA:162,48,0,0
BRDA:162,48,1,0
BRDA:162,49,0,0
BRDA:162,49,1,0
BRDA:162,50,0,0
BRDA:162,50,1,0
BRDA:162,51,0,0
BRDA:162,51,1,0
BRF:93
BRH:0
end_of_record
TN:
SF:src/components/blocks/TextFieldWithFormik.tsx
FN:8,TextFieldWithFormik
FNF:1
FNH:0
FNDA:0,TextFieldWithFormik
DA:1,0
DA:2,0
DA:9,0
DA:10,0
DA:11,0
DA:12,0
DA:24,0
DA:28,0
LF:8
LH:0
BRDA:12,0,0,0
BRDA:12,0,1,0
BRDA:19,1,0,0
BRDA:19,1,1,0
BRDA:19,2,0,0
BRDA:19,2,1,0
BRF:6
BRH:0
end_of_record
TN:
SF:src/components/features/DidYouKnow/DidYouKnow.tsx
FN:4,(anonymous_0)
FN:14,(anonymous_1)
FNF:2
FNH:0
FNDA:0,(anonymous_0)
FNDA:0,(anonymous_1)
DA:1,0
DA:2,0
DA:4,0
DA:14,0
DA:15,0
DA:16,0
DA:17,0
DA:31,0
LF:8
LH:0
BRDA:21,0,0,0
BRDA:21,0,1,0
BRDA:24,1,0,0
BRDA:24,1,1,0
BRF:4
BRH:0
end_of_record
TN:
SF:src/components/features/Stopwatch/GetTopCaregiverStopWatch.ts
FN:33,(anonymous_1)
FN:38,(anonymous_2)
FN:43,(anonymous_3)
FNF:3
FNH:0
FNDA:0,(anonymous_1)
FNDA:0,(anonymous_2)
FNDA:0,(anonymous_3)
DA:1,0
DA:4,0
DA:8,0
DA:26,0
DA:34,0
DA:35,0
DA:39,0
DA:40,0
DA:44,0
DA:45,0
DA:46,0
DA:47,0
DA:48,0
DA:54,0
DA:55,0
DA:56,0
DA:57,0
DA:59,0
DA:76,0
LF:19
LH:0
BRDA:44,0,0,0
BRDA:44,1,0,0
BRDA:44,1,1,0
BRDA:46,2,0,0
BRDA:54,3,0,0
BRDA:54,3,1,0
BRDA:68,4,0,0
BRDA:68,4,1,0
BRDA:68,5,0,0
BRDA:68,5,1,0
BRDA:69,6,0,0
BRDA:69,6,1,0
BRDA:69,7,0,0
BRDA:69,7,1,0
BRDA:83,8,0,0
BRDA:83,8,1,0
BRDA:83,9,0,0
BRDA:83,9,1,0
BRDA:84,10,0,0
BRDA:84,10,1,0
BRDA:84,11,0,0
BRDA:84,11,1,0
BRDA:88,12,0,0
BRDA:88,12,1,0
BRDA:88,13,0,0
BRDA:88,13,1,0
BRF:26
BRH:0
end_of_record
TN:
SF:src/components/features/Stopwatch/Stopwatch.ts
FN:10,(anonymous_1)
FN:14,(anonymous_2)
FNF:2
FNH:0
FNDA:0,(anonymous_1)
FNDA:0,(anonymous_2)
DA:7,0
DA:11,0
DA:15,0
DA:16,0
DA:17,0
DA:18,0
DA:19,0
DA:21,0
LF:8
LH:0
BRDA:15,0,0,0
BRF:1
BRH:0
end_of_record
TN:
SF:src/components/features/accountCreation/EmailField.tsx
FN:26,EmailField
FN:32,(anonymous_2)
FN:65,(anonymous_3)
FN:76,(anonymous_4)
FN:110,handleFocus
FN:114,handleBlur
FNF:6
FNH:0
FNDA:0,EmailField
FNDA:0,(anonymous_2)
FNDA:0,(anonymous_3)
FNDA:0,(anonymous_4)
FNDA:0,handleFocus
FNDA:0,handleBlur
DA:1,0
DA:2,0
DA:3,0
DA:4,0
DA:5,0
DA:6,0
DA:11,0
DA:12,0
DA:14,0
DA:16,0
DA:27,0
DA:28,0
DA:29,0
DA:31,0
DA:34,0
DA:35,0
DA:43,0
DA:45,0
DA:48,0
DA:50,0
DA:53,0
DA:56,0
DA:57,0
DA:65,0
DA:67,0
DA:68,0
DA:71,0
DA:72,0
DA:73,0
DA:76,0
DA:77,0
DA:83,0
DA:84,0
DA:85,0
DA:88,0
DA:96,0
DA:97,0
DA:98,0
DA:111,0
DA:115,0
DA:116,0
DA:135,0
DA:139,0
LF:43
LH:0
BRDA:43,0,0,0
BRDA:43,0,1,0
BRDA:43,1,0,0
BRDA:43,1,1,0
BRDA:43,2,0,0
BRDA:43,2,1,0
BRDA:43,3,0,0
BRDA:43,3,1,0
BRDA:48,4,0,0
BRDA:48,4,1,0
BRDA:48,5,0,0
BRDA:48,5,1,0
BRDA:50,6,0,0
BRDA:50,7,0,0
BRDA:50,7,1,0
BRDA:50,8,0,0
BRDA:50,8,1,0
BRDA:67,9,0,0
BRDA:72,10,0,0
BRDA:89,11,0,0
BRDA:89,11,1,0
BRDA:89,11,2,0
BRDA:89,11,3,0
BRDA:89,11,4,0
BRDA:91,12,0,0
BRDA:91,12,1,0
BRDA:96,13,0,0
BRDA:96,14,0,0
BRDA:96,14,1,0
BRDA:98,15,0,0
BRF:30
BRH:0
end_of_record
TN:
SF:src/components/features/accountCreation/EmailForm-test-b.tsx
FN:16,(anonymous_2)
FN:39,EmailForm
FN:56,(anonymous_4)
FNF:3
FNH:0
FNDA:0,(anonymous_2)
FNDA:0,EmailForm
FNDA:0,(anonymous_4)
DA:1,0
DA:2,0
DA:3,0
DA:4,0
DA:5,0
DA:6,0
DA:7,0
DA:8,0
DA:9,0
DA:10,0
DA:11,0
DA:12,0
DA:13,0
DA:16,0
DA:33,0
DA:40,0
DA:41,0
DA:43,0
DA:44,0
DA:47,0
DA:48,0
DA:50,0
DA:52,0
DA:54,0
DA:56,0
DA:57,0
DA:94,0
LF:27
LH:0
BRDA:47,0,0,0
BRDA:47,0,1,0
BRDA:47,1,0,0
BRDA:47,1,1,0
BRDA:48,2,0,0
BRDA:48,2,1,0
BRDA:48,3,0,0
BRDA:48,3,1,0
BRDA:48,4,0,0
BRDA:48,4,1,0
BRDA:52,5,0,0
BRDA:52,5,1,0
BRDA:52,5,2,0
BRDA:52,6,0,0
BRDA:52,6,1,0
BRDA:72,7,0,0
BRF:16
BRH:0
end_of_record
TN:
SF:src/components/features/accountCreation/EmailPasswordForm.tsx
FN:16,(anonymous_2)
FN:47,EmailPasswordForm
FN:61,(anonymous_4)
FNF:3
FNH:0
FNDA:0,(anonymous_2)
FNDA:0,EmailPasswordForm
FNDA:0,(anonymous_4)
DA:1,0
DA:2,0
DA:3,0
DA:4,0
DA:5,0
DA:6,0
DA:7,0
DA:8,0
DA:9,0
DA:10,0
DA:11,0
DA:12,0
DA:13,0
DA:16,0
DA:41,0
DA:48,0
DA:49,0
DA:51,0
DA:52,0
DA:53,0
DA:55,0
DA:57,0
DA:59,0
DA:61,0
DA:62,0
DA:111,0
LF:26
LH:0
BRDA:52,0,0,0
BRDA:52,0,1,0
BRDA:52,1,0,0
BRDA:52,1,1,0
BRDA:53,2,0,0
BRDA:53,2,1,0
BRDA:53,3,0,0
BRDA:53,3,1,0
BRDA:57,4,0,0
BRDA:57,4,1,0
BRDA:57,5,0,0
BRDA:57,5,1,0
BRDA:57,5,2,0
BRDA:85,6,0,0
BRF:14
BRH:0
end_of_record
TN:
SF:src/components/features/accountCreation/LegalDisclaimer.tsx
FN:47,(anonymous_5)
FN:63,(anonymous_6)
FNF:2
FNH:0
FNDA:0,(anonymous_5)
FNDA:0,(anonymous_6)
DA:1,0
DA:2,0
DA:3,0
DA:4,0
DA:10,0
DA:45,0
DA:47,0
DA:63,0
DA:64,0
DA:65,0
DA:84,0
DA:89,0
LF:12
LH:0
BRDA:47,0,0,0
BRDA:47,0,1,0
BRDA:55,1,0,0
BRDA:55,1,1,0
BRDA:55,2,0,0
BRDA:55,2,1,0
BRDA:64,3,0,0
BRDA:74,4,0,0
BRF:8
BRH:0
end_of_record
TN:
SF:src/components/features/accountCreation/NameForm.tsx
FN:8,(anonymous_1)
FN:27,NameForm
FNF:2
FNH:0
FNDA:0,(anonymous_1)
FNDA:0,NameForm
DA:1,0
DA:2,0
DA:3,0
DA:4,0
DA:5,0
DA:6,0
DA:8,0
DA:28,0
DA:29,0
DA:30,0
DA:70,0
DA:74,0
LF:12
LH:0
BRDA:60,0,0,0
BRDA:60,0,1,0
BRF:2
BRH:0
end_of_record
TN:
SF:src/components/features/accountCreation/PasswordField.tsx
FN:28,(anonymous_1)
FN:30,PasswordField
FN:35,(anonymous_3)
FN:74,(anonymous_4)
FN:84,(anonymous_5)
FN:104,handleFocus
FN:108,handleBlur
FNF:7
FNH:0
FNDA:0,(anonymous_1)
FNDA:0,PasswordField
FNDA:0,(anonymous_3)
FNDA:0,(anonymous_4)
FNDA:0,(anonymous_5)
FNDA:0,handleFocus
FNDA:0,handleBlur
DA:1,0
DA:2,0
DA:3,0
DA:4,0
DA:5,0
DA:12,0
DA:13,0
DA:16,0
DA:27,0
DA:28,0
DA:31,0
DA:32,0
DA:34,0
DA:38,0
DA:39,0
DA:47,0
DA:49,0
DA:54,0
DA:55,0
DA:59,0
DA:61,0
DA:65,0
DA:66,0
DA:74,0
DA:76,0
DA:77,0
DA:80,0
DA:81,0
DA:84,0
DA:85,0
DA:91,0
DA:92,0
DA:93,0
DA:94,0
DA:105,0
DA:109,0
DA:110,0
DA:130,0
DA:135,0
LF:39
LH:0
BRDA:47,0,0,0
BRDA:47,0,1,0
BRDA:47,1,0,0
BRDA:47,1,1,0
BRDA:47,2,0,0
BRDA:47,2,1,0
BRDA:47,3,0,0
BRDA:47,3,1,0
BRDA:54,4,0,0
BRDA:55,5,0,0
BRDA:55,5,1,0
BRDA:56,6,0,0
BRDA:56,6,1,0
BRDA:56,6,2,0
BRDA:61,7,0,0
BRDA:61,7,1,0
BRDA:76,8,0,0
BRDA:80,9,0,0
BRDA:98,10,0,0
BRDA:98,10,1,0
BRDA:98,10,2,0
BRDA:98,10,3,0
BRDA:98,10,4,0
BRDA:100,11,0,0
BRDA:100,11,1,0
BRDA:122,12,0,0
BRDA:122,12,1,0
BRF:27
BRH:0
end_of_record
TN:
SF:src/components/features/accountCreation/PasswordForm-test-b.tsx
FN:11,(anonymous_1)
FN:31,PasswordForm
FN:40,(anonymous_3)
FNF:3
FNH:0
FNDA:0,(anonymous_1)
FNDA:0,PasswordForm
FNDA:0,(anonymous_3)
DA:1,0
DA:2,0
DA:3,0
DA:4,0
DA:5,0
DA:6,0
DA:7,0
DA:8,0
DA:11,0
DA:32,0
DA:33,0
DA:35,0
DA:36,0
DA:38,0
DA:40,0
DA:41,0
DA:97,0
LF:17
LH:0
BRDA:36,0,0,0
BRDA:36,0,1,0
BRF:2
BRH:0
end_of_record
TN:
SF:src/components/features/accountCreation/ProviderAccountPage.tsx
FN:31,(anonymous_2)
FN:61,validateForm
FN:82,(anonymous_4)
FN:99,handleSuccess
FN:104,(anonymous_6)
FN:135,handleProviderCreateError
FN:160,(anonymous_8)
FN:187,(anonymous_9)
FNF:8
FNH:0
FNDA:0,(anonymous_2)
FNDA:0,validateForm
FNDA:0,(anonymous_4)
FNDA:0,handleSuccess
FNDA:0,(anonymous_6)
FNDA:0,handleProviderCreateError
FNDA:0,(anonymous_8)
FNDA:0,(anonymous_9)
DA:1,0
DA:2,0
DA:3,0
DA:4,0
DA:5,0
DA:6,0
DA:7,0
DA:8,0
DA:9,0
DA:11,0
DA:12,0
DA:13,0
DA:14,0
DA:15,0
DA:16,0
DA:17,0
DA:18,0
DA:19,0
DA:20,0
DA:21,0
DA:22,0
DA:23,0
DA:24,0
DA:25,0
DA:29,0
DA:31,0
DA:62,0
DA:63,0
DA:66,0
DA:67,0
DA:70,0
DA:82,0
DA:90,0
DA:91,0
DA:92,0
DA:93,0
DA:94,0
DA:95,0
DA:96,0
DA:97,0
DA:100,0
DA:101,0
DA:102,0
DA:103,0
DA:104,0
DA:105,0
DA:108,0
DA:111,0
DA:115,0
DA:118,0
DA:120,0
DA:126,0
DA:131,0
DA:132,0
DA:136,0
DA:137,0
DA:138,0
DA:141,0
DA:150,0
DA:161,0
DA:162,0
DA:164,0
DA:165,0
DA:168,0
DA:181,0
DA:185,0
DA:187,0
DA:188,0
DA:189,0
DA:190,0
DA:194,0
DA:273,0
LF:72
LH:0
BRDA:66,0,0,0
BRDA:100,1,0,0
BRDA:100,1,1,0
BRDA:100,2,0,0
BRDA:100,2,1,0
BRDA:101,3,0,0
BRDA:105,4,0,0
BRDA:105,4,1,0
BRDA:164,5,0,0
BRDA:173,6,0,0
BRDA:173,6,1,0
BRDA:188,7,0,0
BRDA:194,8,0,0
BRDA:194,9,0,0
BRDA:194,9,1,0
BRDA:200,10,0,0
BRF:16
BRH:0
end_of_record
TN:
SF:src/components/features/accountCreation/accountCreationForm.ts
FN:15,validateForm
FN:61,useAccountCreationFormConfig
FN:77,validateFirstName
FN:86,validateLastName
FNF:4
FNH:0
FNDA:0,validateForm
FNDA:0,useAccountCreationFormConfig
FNDA:0,validateFirstName
FNDA:0,validateLastName
DA:2,0
DA:15,0
DA:16,0
DA:17,0
DA:19,0
DA:21,0
DA:23,0
DA:24,0
DA:28,0
DA:29,0
DA:30,0
DA:32,0
DA:35,0
DA:36,0
DA:37,0
DA:39,0
DA:44,0
DA:47,0
DA:61,0
DA:64,0
DA:69,0
DA:72,0
DA:73,0
DA:74,0
DA:75,0
DA:77,0
DA:78,0
DA:86,0
DA:87,0
LF:29
LH:0
BRDA:21,0,0,0
BRDA:23,1,0,0
BRDA:23,2,0,0
BRDA:23,2,1,0
BRDA:28,3,0,0
BRDA:28,4,0,0
BRDA:28,4,1,0
BRDA:29,5,0,0
BRDA:29,5,1,0
BRDA:35,6,0,0
BRDA:35,7,0,0
BRDA:35,7,1,0
BRDA:36,8,0,0
BRDA:36,8,1,0
BRDA:78,9,0,0
BRDA:78,9,1,0
BRDA:78,10,0,0
BRDA:78,10,1,0
BRDA:78,10,2,0
BRDA:78,10,3,0
BRDA:87,11,0,0
BRDA:87,11,1,0
BRDA:87,12,0,0
BRDA:87,12,1,0
BRDA:87,12,2,0
BRDA:87,12,3,0
BRF:26
BRH:0
end_of_record
TN:
SF:src/components/features/careWho/ChildDOBInput.tsx
FN:11,(anonymous_1)
FN:45,(anonymous_2)
FN:57,(anonymous_3)
FN:66,(anonymous_4)
FN:81,(anonymous_5)
FNF:5
FNH:0
FNDA:0,(anonymous_1)
FNDA:0,(anonymous_2)
FNDA:0,(anonymous_3)
FNDA:0,(anonymous_4)
FNDA:0,(anonymous_5)
DA:1,0
DA:3,0
DA:4,0
DA:5,0
DA:8,0
DA:9,0
DA:11,0
DA:45,0
DA:53,0
DA:59,0
DA:66,0
DA:81,0
DA:99,0
LF:13
LH:0
BRDA:65,0,0,0
BRDA:74,1,0,0
BRDA:74,1,1,0
BRDA:87,2,0,0
BRF:4
BRH:0
end_of_record
TN:
SF:src/components/features/careWho/useChildrenForm.tsx
FN:35,(anonymous_2)
FN:49,(anonymous_3)
FN:72,(anonymous_4)
FN:73,(anonymous_5)
FN:80,(anonymous_6)
FN:89,(anonymous_7)
FN:97,(anonymous_8)
FN:101,(anonymous_9)
FN:108,(anonymous_10)
FN:115,(anonymous_11)
FN:120,(anonymous_12)
FNF:11
FNH:0
FNDA:0,(anonymous_2)
FNDA:0,(anonymous_3)
FNDA:0,(anonymous_4)
FNDA:0,(anonymous_5)
FNDA:0,(anonymous_6)
FNDA:0,(anonymous_7)
FNDA:0,(anonymous_8)
FNDA:0,(anonymous_9)
FNDA:0,(anonymous_10)
FNDA:0,(anonymous_11)
FNDA:0,(anonymous_12)
DA:1,0
DA:2,0
DA:3,0
DA:4,0
DA:5,0
DA:6,0
DA:14,0
DA:15,0
DA:20,0
DA:22,0
DA:35,0
DA:36,0
DA:37,0
DA:38,0
DA:40,0
DA:50,0
DA:52,0
DA:59,0
DA:66,0
DA:70,0
DA:72,0
DA:73,0
DA:74,0
DA:75,0
DA:77,0
DA:80,0
DA:81,0
DA:82,0
DA:85,0
DA:89,0
DA:90,0
DA:92,0
DA:93,0
DA:97,0
DA:98,0
DA:101,0
DA:102,0
DA:104,0
DA:105,0
DA:108,0
DA:109,0
DA:113,0
DA:115,0
DA:116,0
DA:117,0
DA:118,0
DA:120,0
DA:121,0
DA:124,0
DA:125,0
DA:126,0
DA:128,0
LF:52
LH:0
BRDA:43,0,0,0
BRDA:43,0,1,0
BRDA:63,1,0,0
BRDA:63,1,1,0
BRDA:81,2,0,0
BRDA:92,3,0,0
BRDA:116,4,0,0
BRDA:116,4,1,0
BRDA:116,5,0,0
BRDA:116,5,1,0
BRDA:116,6,0,0
BRDA:116,6,1,0
BRDA:125,7,0,0
BRDA:125,7,1,0
BRDA:126,8,0,0
BRDA:126,8,1,0
BRF:16
BRH:0
end_of_record
TN:
SF:src/components/features/caregiversPreview/CareTypeCard.tsx
FN:6,(anonymous_0)
FN:39,CareTypeCard
FNF:2
FNH:0
FNDA:0,(anonymous_0)
FNDA:0,CareTypeCard
DA:1,0
DA:2,0
DA:3,0
DA:6,0
DA:40,0
DA:41,0
DA:55,0
LF:7
LH:0
BRDA:46,0,0,0
BRF:1
BRH:0
end_of_record
TN:
SF:src/components/features/caregiversPreview/CaregiverCard.tsx
FN:7,(anonymous_1)
FN:38,CaregiverCard
FNF:2
FNH:0
FNDA:0,(anonymous_1)
FNDA:0,CaregiverCard
DA:1,0
DA:2,0
DA:3,0
DA:4,0
DA:7,0
DA:39,0
DA:41,0
DA:66,0
LF:8
LH:0
BRDA:50,0,0,0
BRDA:50,0,1,0
BRDA:50,1,0,0
BRDA:50,1,1,0
BRDA:50,2,0,0
BRDA:50,2,1,0
BRDA:50,3,0,0
BRDA:50,3,1,0
BRF:8
BRH:0
end_of_record
TN:
SF:src/components/features/caregiversPreview/CaregiversPreview.tsx
FN:13,(anonymous_1)
FN:47,CaregiversPreview
FN:54,(anonymous_3)
FN:56,(anonymous_4)
FN:64,(anonymous_5)
FN:78,(anonymous_6)
FNF:6
FNH:0
FNDA:0,(anonymous_1)
FNDA:0,CaregiversPreview
FNDA:0,(anonymous_3)
FNDA:0,(anonymous_4)
FNDA:0,(anonymous_5)
FNDA:0,(anonymous_6)
DA:1,0
DA:2,0
DA:3,0
DA:4,0
DA:5,0
DA:13,0
DA:48,0
DA:49,0
DA:50,0
DA:51,0
DA:54,0
DA:55,0
DA:56,0
DA:57,0
DA:58,0
DA:60,0
DA:64,0
DA:65,0
DA:70,0
DA:71,0
DA:72,0
DA:73,0
DA:78,0
DA:111,0
LF:24
LH:0
BRDA:51,0,0,0
BRDA:51,0,1,0
BRDA:55,1,0,0
BRDA:57,2,0,0
BRDA:57,2,1,0
BRDA:72,3,0,0
BRDA:73,4,0,0
BRDA:73,4,1,0
BRDA:86,5,0,0
BRDA:86,5,1,0
BRDA:92,6,0,0
BRF:11
BRH:0
end_of_record
TN:
SF:src/components/features/caregiversPreview/RatingOrExperience.tsx
FN:20,RatingOrExperience
FNF:1
FNH:0
FNDA:0,RatingOrExperience
DA:1,0
DA:2,0
DA:3,0
DA:4,0
DA:13,0
DA:26,0
DA:27,0
DA:28,0
DA:44,0
DA:48,0
LF:10
LH:0
BRDA:15,0,0,0
BRDA:15,0,1,0
BRDA:15,1,0,0
BRDA:15,1,1,0
BRDA:15,2,0,0
BRDA:15,2,1,0
BRDA:32,3,0,0
BRDA:32,4,0,0
BRDA:32,4,1,0
BRDA:32,4,2,0
BRDA:36,5,0,0
BRDA:36,5,1,0
BRDA:38,6,0,0
BRDA:38,6,1,0
BRF:14
BRH:0
end_of_record
TN:
SF:src/components/features/caregiversPreview/SeniorLivingPreview.tsx
FN:13,(anonymous_1)
FN:41,SeniorLivingPreview
FN:47,(anonymous_3)
FN:61,(anonymous_4)
FNF:4
FNH:0
FNDA:0,(anonymous_1)
FNDA:0,SeniorLivingPreview
FNDA:0,(anonymous_3)
FNDA:0,(anonymous_4)
DA:1,0
DA:2,0
DA:3,0
DA:4,0
DA:5,0
DA:6,0
DA:13,0
DA:39,0
DA:42,0
DA:43,0
DA:44,0
DA:45,0
DA:47,0
DA:49,0
DA:50,0
DA:52,0
DA:61,0
DA:91,0
LF:18
LH:0
BRDA:49,0,0,0
BRDA:49,0,1,0
BRDA:60,1,0,0
BRDA:60,1,1,0
BRDA:67,2,0,0
BRDA:67,2,1,0
BRF:6
BRH:0
end_of_record
TN:
SF:src/components/features/dayCareProviders/useDayCareProviders.ts
FN:19,calculateAverageRating
FN:23,(anonymous_2)
FN:35,mapProvidersProperties
FN:38,(anonymous_4)
FN:40,(anonymous_5)
FN:50,shouldShowProvidersMap
FN:53,(anonymous_7)
FN:55,(anonymous_8)
FN:60,handleChildCareDayCareProvidersQueryError
FN:67,useDayCareProviders
FN:81,(anonymous_11)
FN:91,(anonymous_12)
FNF:12
FNH:0
FNDA:0,calculateAverageRating
FNDA:0,(anonymous_2)
FNDA:0,mapProvidersProperties
FNDA:0,(anonymous_4)
FNDA:0,(anonymous_5)
FNDA:0,shouldShowProvidersMap
FNDA:0,(anonymous_7)
FNDA:0,(anonymous_8)
FNDA:0,handleChildCareDayCareProvidersQueryError
FNDA:0,useDayCareProviders
FNDA:0,(anonymous_11)
FNDA:0,(anonymous_12)
DA:2,0
DA:3,0
DA:6,0
DA:7,0
DA:15,0
DA:16,0
DA:17,0
DA:20,0
DA:22,0
DA:23,0
DA:24,0
DA:25,0
DA:29,0
DA:32,0
DA:36,0
DA:38,0
DA:40,0
DA:51,0
DA:53,0
DA:55,0
DA:56,0
DA:61,0
DA:71,0
DA:72,0
DA:81,0
DA:82,0
DA:91,0
DA:92,0
DA:93,0
DA:94,0
DA:98,0
DA:102,0
DA:111,0
LF:33
LH:0
BRDA:22,0,0,0
BRDA:24,1,0,0
BRDA:25,2,0,0
BRDA:25,2,1,0
BRDA:36,3,0,0
BRDA:44,4,0,0
BRDA:44,4,1,0
BRDA:45,5,0,0
BRDA:45,5,1,0
BRDA:51,6,0,0
BRDA:56,7,0,0
BRDA:56,7,1,0
BRDA:56,8,0,0
BRDA:56,8,1,0
BRDA:63,9,0,0
BRDA:63,9,1,0
BRDA:63,10,0,0
BRDA:63,10,1,0
BRDA:92,11,0,0
BRDA:92,12,0,0
BRDA:92,12,1,0
BRDA:93,13,0,0
BRDA:93,14,0,0
BRDA:93,14,1,0
BRDA:93,15,0,0
BRDA:93,15,1,0
BRDA:93,16,0,0
BRDA:93,16,1,0
BRDA:93,17,0,0
BRDA:93,17,1,0
BRF:30
BRH:0
end_of_record
TN:
SF:src/components/features/daycareAutoSubmit/useDaycareAutoSubmit.ts
FN:37,handleChildCareDayCareLeadAutoSubmitError
FN:44,useDaycareAutoSubmit
FN:84,(anonymous_3)
FN:90,(anonymous_4)
FN:113,(anonymous_5)
FN:144,(anonymous_6)
FN:183,(anonymous_7)
FN:191,(anonymous_8)
FN:198,(anonymous_9)
FN:204,(anonymous_10)
FN:210,(anonymous_11)
FN:215,(anonymous_12)
FNF:12
FNH:0
FNDA:0,handleChildCareDayCareLeadAutoSubmitError
FNDA:0,useDaycareAutoSubmit
FNDA:0,(anonymous_3)
FNDA:0,(anonymous_4)
FNDA:0,(anonymous_5)
FNDA:0,(anonymous_6)
FNDA:0,(anonymous_7)
FNDA:0,(anonymous_8)
FNDA:0,(anonymous_9)
FNDA:0,(anonymous_10)
FNDA:0,(anonymous_11)
FNDA:0,(anonymous_12)
DA:2,0
DA:3,0
DA:5,0
DA:6,0
DA:7,0
DA:13,0
DA:14,0
DA:15,0
DA:23,0
DA:28,0
DA:29,0
DA:30,0
DA:31,0
DA:32,0
DA:34,0
DA:35,0
DA:38,0
DA:44,0
DA:45,0
DA:46,0
DA:47,0
DA:48,0
DA:49,0
DA:71,0
DA:72,0
DA:73,0
DA:74,0
DA:75,0
DA:81,0
DA:84,0
DA:85,0
DA:86,0
DA:87,0
DA:90,0
DA:91,0
DA:93,0
DA:101,0
DA:104,0
DA:107,0
DA:108,0
DA:109,0
DA:113,0
DA:138,0
DA:140,0
DA:143,0
DA:144,0
DA:145,0
DA:162,0
DA:178,0
DA:180,0
DA:182,0
DA:183,0
DA:184,0
DA:191,0
DA:196,0
DA:198,0
DA:199,0
DA:200,0
DA:204,0
DA:205,0
DA:206,0
DA:207,0
DA:210,0
DA:211,0
DA:212,0
DA:213,0
DA:214,0
DA:215,0
DA:217,0
DA:223,0
LF:70
LH:0
BRDA:40,0,0,0
BRDA:40,0,1,0
BRDA:40,1,0,0
BRDA:40,1,1,0
BRDA:85,2,0,0
BRDA:93,3,0,0
BRDA:94,4,0,0
BRDA:94,4,1,0
BRDA:94,4,2,0
BRDA:94,4,3,0
BRDA:94,4,4,0
BRDA:94,4,5,0
BRDA:120,5,0,0
BRDA:120,5,1,0
BRDA:122,6,0,0
BRDA:122,6,1,0
BRDA:138,7,0,0
BRDA:138,7,1,0
BRDA:138,8,0,0
BRDA:138,8,1,0
BRDA:138,9,0,0
BRDA:138,9,1,0
BRDA:143,10,0,0
BRDA:143,10,1,0
BRDA:182,11,0,0
BRDA:205,12,0,0
BRDA:211,13,0,0
BRDA:219,14,0,0
BRDA:219,14,1,0
BRF:29
BRH:0
end_of_record
TN:
SF:src/components/features/flowNavigation/useFlowNavigation.ts
FN:14,useFlowNavigation
FN:21,(anonymous_2)
FN:29,(anonymous_3)
FNF:3
FNH:0
FNDA:0,useFlowNavigation
FNDA:0,(anonymous_2)
FNDA:0,(anonymous_3)
DA:1,0
DA:2,0
DA:3,0
DA:4,0
DA:12,0
DA:15,0
DA:16,0
DA:17,0
DA:18,0
DA:19,0
DA:21,0
DA:22,0
DA:24,0
DA:25,0
DA:28,0
DA:29,0
DA:30,0
DA:32,0
DA:33,0
DA:34,0
DA:35,0
DA:38,0
DA:39,0
DA:40,0
DA:41,0
DA:45,0
DA:46,0
DA:49,0
DA:50,0
DA:56,0
DA:57,0
DA:60,0
DA:63,0
DA:66,0
LF:34
LH:0
BRDA:24,0,0,0
BRDA:32,1,0,0
BRDA:33,2,0,0
BRDA:33,3,0,0
BRDA:33,3,1,0
BRDA:38,4,0,0
BRDA:45,5,0,0
BRDA:49,6,0,0
BRDA:50,7,0,0
BRDA:50,7,1,0
BRDA:50,8,0,0
BRDA:50,8,1,0
BRDA:51,9,0,0
BRDA:51,9,1,0
BRDA:51,10,0,0
BRDA:51,10,1,0
BRDA:51,11,0,0
BRDA:51,11,1,0
BRDA:51,12,0,0
BRDA:51,12,1,0
BRDA:56,13,0,0
BRF:21
BRH:0
end_of_record
TN:
SF:src/components/features/flower/flower.tsx
FN:3,(anonymous_0)
FN:5,(anonymous_1)
FN:6,(anonymous_2)
FN:8,(anonymous_3)
FN:9,(anonymous_4)
FN:27,Flower
FNF:6
FNH:0
FNDA:0,(anonymous_0)
FNDA:0,(anonymous_1)
FNDA:0,(anonymous_2)
FNDA:0,(anonymous_3)
FNDA:0,(anonymous_4)
FNDA:0,Flower
DA:1,0
DA:3,0
DA:5,0
DA:6,0
DA:8,0
DA:9,0
DA:28,0
DA:30,0
DA:31,0
DA:32,0
DA:52,0
DA:65,0
LF:12
LH:0
BRDA:30,0,0,0
BRDA:30,0,1,0
BRF:2
BRH:0
end_of_record
TN:
SF:src/components/features/genericBanner/genericBanner.tsx
FN:50,replaceText
FN:70,(anonymous_3)
FN:91,GenericBanner
FNF:3
FNH:0
FNDA:0,replaceText
FNDA:0,(anonymous_3)
FNDA:0,GenericBanner
DA:2,0
DA:3,0
DA:4,0
DA:14,0
DA:19,0
DA:57,0
DA:66,0
DA:67,0
DA:71,0
DA:72,0
DA:80,0
DA:92,0
DA:93,0
DA:94,0
DA:106,0
DA:108,0
LF:16
LH:0
BRDA:28,0,0,0
BRDA:28,0,1,0
BRDA:28,1,0,0
BRDA:28,1,1,0
BRDA:34,2,0,0
BRDA:34,2,1,0
BRDA:34,3,0,0
BRDA:34,3,1,0
BRDA:52,4,0,0
BRDA:57,5,0,0
BRDA:71,6,0,0
BRF:11
BRH:0
end_of_record
TN:
SF:src/components/features/googleMap/config.ts
FNF:0
FNH:0
DA:1,0
LF:1
LH:0
BRF:0
BRH:0
end_of_record
TN:
SF:src/components/features/googleMap/googleMap.tsx
FNF:0
FNH:0
DA:2,0
DA:3,0
DA:4,0
DA:5,0
DA:8,0
DA:10,0
DA:20,0
DA:86,0
LF:8
LH:0
BRF:0
BRH:0
end_of_record
TN:
SF:src/components/features/jobTypes/RateForAChild.tsx
FN:6,(anonymous_1)
FN:26,RateForAChild
FNF:2
FNH:0
FNDA:0,(anonymous_1)
FNDA:0,RateForAChild
DA:1,0
DA:2,0
DA:3,0
DA:4,0
DA:6,0
DA:27,0
DA:55,0
LF:7
LH:0
BRDA:31,0,0,0
BRDA:31,0,1,0
BRDA:45,1,0,0
BRDA:45,1,1,0
BRF:4
BRH:0
end_of_record
TN:
SF:src/components/features/jobTypes/Validations.ts
FN:1,validateMin
FN:10,validateMax
FN:22,validateHoursPerJob
FN:37,validateForm
FNF:4
FNH:0
FNDA:0,validateMin
FNDA:0,validateMax
FNDA:0,validateHoursPerJob
FNDA:0,validateForm
DA:1,0
DA:2,0
DA:3,0
DA:4,0
DA:5,0
DA:7,0
DA:10,0
DA:11,0
DA:12,0
DA:13,0
DA:14,0
DA:15,0
DA:16,0
DA:17,0
DA:19,0
DA:22,0
DA:23,0
DA:24,0
DA:25,0
DA:26,0
DA:28,0
DA:37,0
DA:38,0
DA:39,0
DA:40,0
DA:41,0
DA:43,0
DA:44,0
DA:47,0
DA:48,0
DA:49,0
DA:52,0
LF:32
LH:0
BRDA:2,0,0,0
BRDA:4,1,0,0
BRDA:5,2,0,0
BRDA:5,3,0,0
BRDA:5,3,1,0
BRDA:11,4,0,0
BRDA:14,5,0,0
BRDA:15,6,0,0
BRDA:15,7,0,0
BRDA:15,7,1,0
BRDA:16,8,0,0
BRDA:16,9,0,0
BRDA:16,9,1,0
BRDA:23,10,0,0
BRDA:25,11,0,0
BRDA:26,12,0,0
BRDA:26,13,0,0
BRDA:26,13,1,0
BRDA:39,14,0,0
BRDA:40,15,0,0
BRDA:40,16,0,0
BRDA:40,16,1,0
BRDA:43,17,0,0
BRDA:43,18,0,0
BRDA:43,18,1,0
BRDA:47,19,0,0
BRDA:48,20,0,0
BRDA:48,21,0,0
BRDA:48,21,1,0
BRF:29
BRH:0
end_of_record
TN:
SF:src/components/features/multiPageForm/FormPage.tsx
FN:8,FormPage
FN:11,(anonymous_1)
FNF:2
FNH:0
FNDA:0,FormPage
FNDA:0,(anonymous_1)
DA:1,0
DA:2,0
DA:9,0
DA:11,0
DA:12,0
DA:15,0
DA:18,0
LF:7
LH:0
BRF:0
BRH:0
end_of_record
TN:
SF:src/components/features/photoUpload/photoUpload.tsx
FN:69,PhotoUpload
FN:91,(anonymous_4)
FN:92,(anonymous_5)
FN:95,(anonymous_6)
FN:110,(anonymous_7)
FN:116,(anonymous_8)
FN:122,(anonymous_9)
FN:126,(anonymous_10)
FN:139,(anonymous_11)
FN:146,(anonymous_12)
FN:147,(anonymous_13)
FN:153,(anonymous_15)
FN:180,(anonymous_16)
FN:204,(anonymous_17)
FN:217,(anonymous_18)
FN:239,(anonymous_19)
FN:273,(anonymous_20)
FN:284,(anonymous_21)
FNF:18
FNH:0
FNDA:0,PhotoUpload
FNDA:0,(anonymous_4)
FNDA:0,(anonymous_5)
FNDA:0,(anonymous_6)
FNDA:0,(anonymous_7)
FNDA:0,(anonymous_8)
FNDA:0,(anonymous_9)
FNDA:0,(anonymous_10)
FNDA:0,(anonymous_11)
FNDA:0,(anonymous_12)
FNDA:0,(anonymous_13)
FNDA:0,(anonymous_15)
FNDA:0,(anonymous_16)
FNDA:0,(anonymous_17)
FNDA:0,(anonymous_18)
FNDA:0,(anonymous_19)
FNDA:0,(anonymous_20)
FNDA:0,(anonymous_21)
DA:1,0
DA:2,0
DA:3,0
DA:4,0
DA:5,0
DA:6,0
DA:7,0
DA:8,0
DA:10,0
DA:12,0
DA:66,0
DA:67,0
DA:77,0
DA:79,0
DA:81,0
DA:82,0
DA:83,0
DA:84,0
DA:85,0
DA:86,0
DA:87,0
DA:88,0
DA:89,0
DA:91,0
DA:92,0
DA:95,0
DA:98,0
DA:100,0
DA:101,0
DA:102,0
DA:103,0
DA:104,0
DA:105,0
DA:106,0
DA:110,0
DA:111,0
DA:112,0
DA:113,0
DA:116,0
DA:117,0
DA:118,0
DA:119,0
DA:122,0
DA:123,0
DA:126,0
DA:127,0
DA:128,0
DA:129,0
DA:130,0
DA:131,0
DA:134,0
DA:136,0
DA:139,0
DA:140,0
DA:141,0
DA:142,0
DA:146,0
DA:147,0
DA:149,0
DA:153,0
DA:154,0
DA:155,0
DA:157,0
DA:158,0
DA:181,0
DA:205,0
DA:218,0
DA:240,0
DA:273,0
DA:285,0
DA:286,0
DA:298,0
DA:307,0
DA:312,0
LF:74
LH:0
BRDA:26,0,0,0
BRDA:26,0,1,0
BRDA:26,1,0,0
BRDA:26,1,1,0
BRDA:26,2,0,0
BRDA:26,2,1,0
BRDA:61,3,0,0
BRDA:61,3,1,0
BRDA:61,4,0,0
BRDA:61,4,1,0
BRDA:61,5,0,0
BRDA:61,5,1,0
BRDA:61,6,0,0
BRDA:61,6,1,0
BRDA:100,7,0,0
BRDA:100,8,0,0
BRDA:100,8,1,0
BRDA:100,9,0,0
BRDA:100,9,1,0
BRDA:130,10,0,0
BRDA:140,11,0,0
BRDA:154,12,0,0
BRDA:154,12,1,0
BRDA:171,13,0,0
BRDA:171,13,1,0
BRDA:171,14,0,0
BRDA:171,14,1,0
BRDA:171,15,0,0
BRDA:171,15,1,0
BRDA:175,16,0,0
BRDA:181,17,0,0
BRDA:181,17,1,0
BRDA:181,18,0,0
BRDA:181,18,1,0
BRDA:181,19,0,0
BRDA:181,19,1,0
BRDA:181,20,0,0
BRDA:181,20,1,0
BRDA:188,21,0,0
BRDA:205,22,0,0
BRDA:205,22,1,0
BRDA:205,23,0,0
BRDA:205,23,1,0
BRDA:205,24,0,0
BRDA:205,24,1,0
BRDA:205,25,0,0
BRDA:205,25,1,0
BRDA:252,26,0,0
BRDA:285,27,0,0
BRF:49
BRH:0
end_of_record
TN:
SF:src/components/features/photoUpload/photoUtilities.ts
FN:11,(anonymous_0)
FN:20,createImage
FN:21,(anonymous_2)
FN:23,(anonymous_3)
FN:24,(anonymous_4)
FN:29,getRadianAngle
FN:33,(anonymous_6)
FN:38,(anonymous_7)
FN:40,(anonymous_8)
FN:49,(anonymous_9)
FN:61,(anonymous_10)
FN:71,(anonymous_11)
FN:89,(anonymous_12)
FN:90,(anonymous_13)
FN:100,getCroppedImg
FN:146,(anonymous_15)
FN:147,(anonymous_16)
FNF:17
FNH:0
FNDA:0,(anonymous_0)
FNDA:0,createImage
FNDA:0,(anonymous_2)
FNDA:0,(anonymous_3)
FNDA:0,(anonymous_4)
FNDA:0,getRadianAngle
FNDA:0,(anonymous_6)
FNDA:0,(anonymous_7)
FNDA:0,(anonymous_8)
FNDA:0,(anonymous_9)
FNDA:0,(anonymous_10)
FNDA:0,(anonymous_11)
FNDA:0,(anonymous_12)
FNDA:0,(anonymous_13)
FNDA:0,getCroppedImg
FNDA:0,(anonymous_15)
FNDA:0,(anonymous_16)
DA:8,0
DA:9,0
DA:11,0
DA:12,0
DA:14,0
DA:15,0
DA:17,0
DA:21,0
DA:22,0
DA:23,0
DA:24,0
DA:25,0
DA:30,0
DA:33,0
DA:34,0
DA:35,0
DA:38,0
DA:39,0
DA:40,0
DA:41,0
DA:42,0
DA:43,0
DA:46,0
DA:49,0
DA:50,0
DA:54,0
DA:55,0
DA:56,0
DA:58,0
DA:61,0
DA:62,0
DA:64,0
DA:65,0
DA:66,0
DA:68,0
DA:71,0
DA:72,0
DA:73,0
DA:75,0
DA:76,0
DA:79,0
DA:80,0
DA:83,0
DA:85,0
DA:86,0
DA:89,0
DA:90,0
DA:91,0
DA:92,0
DA:94,0
DA:100,0
DA:105,0
DA:106,0
DA:107,0
DA:108,0
DA:109,0
DA:110,0
DA:111,0
DA:113,0
DA:116,0
DA:117,0
DA:119,0
DA:120,0
DA:121,0
DA:124,0
DA:125,0
DA:128,0
DA:129,0
DA:132,0
DA:138,0
DA:140,0
DA:141,0
DA:146,0
DA:147,0
DA:148,0
DA:149,0
LF:76
LH:0
BRDA:41,0,0,0
BRDA:41,0,1,0
BRDA:41,1,0,0
BRDA:41,1,1,0
BRDA:41,2,0,0
BRDA:41,2,1,0
BRDA:41,3,0,0
BRDA:41,3,1,0
BRDA:42,4,0,0
BRDA:56,5,0,0
BRDA:56,5,1,0
BRDA:56,6,0,0
BRDA:56,6,1,0
BRDA:66,7,0,0
BRDA:66,7,1,0
BRDA:66,8,0,0
BRDA:66,8,1,0
BRDA:75,9,0,0
BRDA:75,9,1,0
BRDA:79,10,0,0
BRDA:85,11,0,0
BRDA:91,12,0,0
BRDA:91,12,1,0
BRDA:103,13,0,0
BRDA:113,14,0,0
BRDA:140,15,0,0
BRDA:148,16,0,0
BRF:27
BRH:0
end_of_record
TN:
SF:src/components/features/potentialMember/withPotentialMember.tsx
FN:19,(anonymous_1)
FN:20,PotentialMember
FN:28,(anonymous_3)
FN:29,(anonymous_4)
FNF:4
FNH:0
FNDA:0,(anonymous_1)
FNDA:0,PotentialMember
FNDA:0,(anonymous_3)
FNDA:0,(anonymous_4)
DA:1,0
DA:2,0
DA:3,0
DA:4,0
DA:5,0
DA:6,0
DA:7,0
DA:8,0
DA:9,0
DA:12,0
DA:13,0
DA:19,0
DA:21,0
DA:22,0
DA:23,0
DA:24,0
DA:25,0
DA:26,0
DA:28,0
DA:29,0
DA:30,0
DA:31,0
DA:33,0
DA:34,0
DA:42,0
DA:43,0
DA:44,0
DA:46,0
DA:47,0
DA:48,0
DA:50,0
DA:51,0
DA:54,0
DA:57,0
DA:65,0
DA:66,0
DA:68,0
DA:70,0
DA:71,0
DA:76,0
DA:83,0
DA:84,0
DA:85,0
DA:86,0
DA:88,0
LF:45
LH:0
BRDA:30,0,0,0
BRDA:30,0,1,0
BRDA:30,1,0,0
BRDA:30,1,1,0
BRDA:44,2,0,0
BRDA:44,2,1,0
BRDA:44,3,0,0
BRDA:44,3,1,0
BRDA:44,4,0,0
BRDA:44,4,1,0
BRDA:44,5,0,0
BRDA:44,5,1,0
BRDA:46,6,0,0
BRDA:46,6,1,0
BRDA:50,7,0,0
BRDA:59,8,0,0
BRDA:59,8,1,0
BRDA:59,9,0,0
BRDA:59,9,1,0
BRDA:60,10,0,0
BRDA:60,10,1,0
BRDA:60,11,0,0
BRDA:60,11,1,0
BRDA:61,12,0,0
BRDA:61,12,1,0
BRDA:61,13,0,0
BRDA:61,13,1,0
BRDA:70,14,0,0
BRDA:70,15,0,0
BRDA:70,15,1,0
BRDA:76,16,0,0
BRDA:83,17,0,0
BRDA:83,17,1,0
BRF:33
BRH:0
end_of_record
TN:
SF:src/components/features/progressDots/ProgressDots.tsx
FN:36,(anonymous_2)
FN:46,(anonymous_3)
FNF:2
FNH:0
FNDA:0,(anonymous_2)
FNDA:0,(anonymous_3)
DA:1,0
DA:2,0
DA:3,0
DA:5,0
DA:36,0
DA:37,0
DA:38,0
DA:40,0
DA:41,0
DA:46,0
DA:59,0
DA:63,0
LF:12
LH:0
BRDA:20,0,0,0
BRDA:20,0,1,0
BRDA:20,1,0,0
BRDA:20,1,1,0
BRF:4
BRH:0
end_of_record
TN:
SF:src/components/features/zipLocation/useZipLocation.ts
FN:42,(anonymous_1)
FN:78,useZipLocation
FN:96,(anonymous_3)
FN:113,(anonymous_4)
FN:120,(anonymous_5)
FN:128,(anonymous_6)
FN:159,(anonymous_7)
FN:165,(anonymous_8)
FN:169,(anonymous_9)
FNF:9
FNH:0
FNDA:0,(anonymous_1)
FNDA:0,useZipLocation
FNDA:0,(anonymous_3)
FNDA:0,(anonymous_4)
FNDA:0,(anonymous_5)
FNDA:0,(anonymous_6)
FNDA:0,(anonymous_7)
FNDA:0,(anonymous_8)
FNDA:0,(anonymous_9)
DA:3,0
DA:4,0
DA:5,0
DA:6,0
DA:7,0
DA:8,0
DA:10,0
DA:22,0
DA:38,0
DA:40,0
DA:42,0
DA:45,0
DA:46,0
DA:47,0
DA:49,0
DA:50,0
DA:51,0
DA:52,0
DA:53,0
DA:54,0
DA:55,0
DA:57,0
DA:58,0
DA:59,0
DA:60,0
DA:61,0
DA:62,0
DA:63,0
DA:65,0
DA:66,0
DA:68,0
DA:83,0
DA:87,0
DA:89,0
DA:96,0
DA:98,0
DA:99,0
DA:104,0
DA:105,0
DA:107,0
DA:113,0
DA:115,0
DA:120,0
DA:121,0
DA:122,0
DA:123,0
DA:124,0
DA:128,0
DA:129,0
DA:130,0
DA:133,0
DA:134,0
DA:136,0
DA:137,0
DA:138,0
DA:147,0
DA:149,0
DA:150,0
DA:159,0
DA:160,0
DA:161,0
DA:165,0
DA:166,0
DA:169,0
DA:170,0
DA:171,0
DA:173,0
DA:174,0
DA:175,0
DA:178,0
DA:181,0
DA:190,0
LF:72
LH:0
BRDA:44,0,0,0
BRDA:44,0,1,0
BRDA:44,0,2,0
BRDA:44,0,3,0
BRDA:80,1,0,0
BRDA:98,2,0,0
BRDA:98,2,1,0
BRDA:104,3,0,0
BRDA:104,3,1,0
BRDA:104,4,0,0
BRDA:104,4,1,0
BRDA:123,5,0,0
BRDA:124,6,0,0
BRDA:124,6,1,0
BRDA:129,7,0,0
BRDA:136,8,0,0
BRDA:160,9,0,0
BRDA:170,10,0,0
BRDA:173,11,0,0
BRF:19
BRH:0
end_of_record
TN:
SF:src/components/hooks/useCrmEventDaycare.ts
FN:20,handleCreateCrmEventDaycareSuccess
FN:31,handleCreateCrmEventDaycareFailure
FN:38,useCrmEventDaycare
FN:44,(anonymous_4)
FN:48,(anonymous_5)
FN:54,(anonymous_6)
FNF:6
FNH:0
FNDA:0,handleCreateCrmEventDaycareSuccess
FNDA:0,handleCreateCrmEventDaycareFailure
FNDA:0,useCrmEventDaycare
FNDA:0,(anonymous_4)
FNDA:0,(anonymous_5)
FNDA:0,(anonymous_6)
DA:2,0
DA:5,0
DA:11,0
DA:21,0
DA:22,0
DA:32,0
DA:38,0
DA:40,0
DA:45,0
DA:46,0
DA:49,0
DA:54,0
DA:57,0
DA:60,0
LF:14
LH:0
BRDA:21,0,0,0
BRF:1
BRH:0
end_of_record
TN:
SF:src/components/hooks/useCrmEventSALC.ts
FN:15,useCrmEventSALC
FN:21,(anonymous_2)
FN:27,(anonymous_3)
FN:33,(anonymous_4)
FNF:4
FNH:0
FNDA:0,useCrmEventSALC
FNDA:0,(anonymous_2)
FNDA:0,(anonymous_3)
FNDA:0,(anonymous_4)
DA:2,0
DA:5,0
DA:10,0
DA:15,0
DA:17,0
DA:22,0
DA:23,0
DA:24,0
DA:28,0
DA:33,0
DA:34,0
DA:37,0
LF:12
LH:0
BRDA:23,0,0,0
BRF:1
BRH:0
end_of_record
TN:
SF:src/components/hooks/useDebouncedState.ts
FN:3,(anonymous_0)
FN:7,(anonymous_1)
FN:9,(anonymous_2)
FN:12,(anonymous_3)
FNF:4
FNH:0
FNDA:0,(anonymous_0)
FNDA:0,(anonymous_1)
FNDA:0,(anonymous_2)
FNDA:0,(anonymous_3)
DA:1,0
DA:3,0
DA:5,0
DA:7,0
DA:9,0
DA:12,0
DA:15,0
DA:18,0
LF:8
LH:0
BRF:0
BRH:0
end_of_record
TN:
SF:src/components/hooks/useEnterKey.ts
FN:3,EnterKeyListener
FN:4,(anonymous_1)
FN:5,(anonymous_2)
FN:15,(anonymous_3)
FNF:4
FNH:0
FNDA:0,EnterKeyListener
FNDA:0,(anonymous_1)
FNDA:0,(anonymous_2)
FNDA:0,(anonymous_3)
DA:1,0
DA:3,0
DA:4,0
DA:5,0
DA:6,0
DA:11,0
DA:14,0
DA:15,0
DA:16,0
LF:9
LH:0
BRDA:6,0,0,0
BRDA:6,1,0,0
BRDA:6,1,1,0
BRDA:6,1,2,0
BRDA:6,1,3,0
BRF:5
BRH:0
end_of_record
TN:
SF:src/components/hooks/useFeatureFlag.ts
FN:8,useFeatureFlag
FNF:1
FNH:0
FNDA:0,useFeatureFlag
DA:3,0
DA:8,0
DA:9,0
DA:10,0
LF:4
LH:0
BRF:0
BRH:0
end_of_record
TN:
SF:src/components/hooks/useFlowHelper.ts
FN:18,(anonymous_1)
FN:21,(anonymous_2)
FN:34,(anonymous_3)
FN:40,(anonymous_4)
FN:41,(anonymous_5)
FN:42,(anonymous_6)
FN:53,(anonymous_7)
FN:61,(anonymous_8)
FN:71,(anonymous_9)
FNF:9
FNH:0
FNDA:0,(anonymous_1)
FNDA:0,(anonymous_2)
FNDA:0,(anonymous_3)
FNDA:0,(anonymous_4)
FNDA:0,(anonymous_5)
FNDA:0,(anonymous_6)
FNDA:0,(anonymous_7)
FNDA:0,(anonymous_8)
FNDA:0,(anonymous_9)
DA:1,0
DA:2,0
DA:3,0
DA:10,0
DA:12,0
DA:13,0
DA:14,0
DA:15,0
DA:19,0
DA:21,0
DA:22,0
DA:24,0
DA:28,0
DA:29,0
DA:32,0
DA:34,0
DA:35,0
DA:36,0
DA:38,0
DA:39,0
DA:40,0
DA:41,0
DA:42,0
DA:44,0
DA:45,0
DA:46,0
DA:47,0
DA:48,0
DA:50,0
DA:53,0
DA:54,0
DA:55,0
DA:56,0
DA:57,0
DA:58,0
DA:59,0
DA:61,0
DA:63,0
DA:64,0
DA:67,0
DA:68,0
DA:71,0
DA:72,0
DA:75,0
DA:80,0
DA:83,0
DA:85,0
DA:86,0
DA:93,0
DA:102,0
DA:104,0
DA:107,0
LF:52
LH:0
BRDA:24,0,0,0
BRDA:25,1,0,0
BRDA:25,1,1,0
BRDA:28,2,0,0
BRDA:29,3,0,0
BRDA:38,4,0,0
BRDA:38,4,1,0
BRDA:44,5,0,0
BRDA:44,6,0,0
BRDA:44,6,1,0
BRDA:45,7,0,0
BRDA:45,8,0,0
BRDA:45,8,1,0
BRDA:46,9,0,0
BRDA:47,10,0,0
BRDA:48,11,0,0
BRDA:63,12,0,0
BRDA:67,13,0,0
BRDA:67,14,0,0
BRDA:67,14,1,0
BRDA:72,15,0,0
BRDA:72,15,1,0
BRDA:75,16,0,0
BRDA:75,16,1,0
BRDA:80,17,0,0
BRDA:80,17,1,0
BRDA:83,18,0,0
BRDA:83,18,1,0
BRDA:83,19,0,0
BRDA:83,19,1,0
BRDA:83,20,0,0
BRDA:83,20,1,0
BRDA:83,21,0,0
BRDA:83,21,1,0
BRDA:83,22,0,0
BRDA:83,22,1,0
BRDA:85,23,0,0
BRDA:88,24,0,0
BRDA:88,24,1,0
BRDA:88,25,0,0
BRDA:88,25,1,0
BRDA:93,26,0,0
BRDA:93,26,1,0
BRDA:93,26,2,0
BRDA:93,26,3,0
BRDA:93,26,4,0
BRDA:93,26,5,0
BRDA:93,26,6,0
BRDA:102,27,0,0
BRDA:102,27,1,0
BRDA:102,27,2,0
BRF:51
BRH:0
end_of_record
TN:
SF:src/components/hooks/useIsDisqualifiedFromSeniorFacilityLeads.ts
FN:7,getIsDisqualifiedForBudget
FN:24,determineDisqualifiedFromSeniorFacilityLeads
FNF:2
FNH:0
FNDA:0,getIsDisqualifiedForBudget
FNDA:0,determineDisqualifiedFromSeniorFacilityLeads
DA:1,0
DA:2,0
DA:3,0
DA:4,0
DA:5,0
DA:11,0
DA:15,0
DA:17,0
DA:21,0
DA:25,0
DA:27,0
DA:29,0
DA:31,0
DA:33,0
DA:34,0
DA:41,0
DA:44,0
LF:17
LH:0
BRDA:11,0,0,0
BRDA:11,0,1,0
BRDA:12,1,0,0
BRDA:12,1,1,0
BRDA:12,2,0,0
BRDA:12,2,1,0
BRDA:12,3,0,0
BRDA:12,3,1,0
BRDA:12,4,0,0
BRDA:12,4,1,0
BRDA:15,5,0,0
BRDA:15,5,1,0
BRDA:15,6,0,0
BRDA:15,6,1,0
BRDA:15,7,0,0
BRDA:15,7,1,0
BRDA:15,8,0,0
BRDA:15,8,1,0
BRDA:15,9,0,0
BRDA:15,9,1,0
BRDA:17,10,0,0
BRDA:17,10,1,0
BRDA:18,11,0,0
BRDA:18,11,1,0
BRDA:18,12,0,0
BRDA:18,12,1,0
BRDA:19,13,0,0
BRDA:19,13,1,0
BRDA:19,14,0,0
BRDA:19,14,1,0
BRDA:21,15,0,0
BRDA:21,15,1,0
BRDA:21,15,2,0
BRDA:31,16,0,0
BRDA:31,16,1,0
BRDA:33,17,0,0
BRF:36
BRH:0
end_of_record
TN:
SF:src/components/hooks/useIsInFacility.ts
FN:4,useIsInFacility
FNF:1
FNH:0
FNDA:0,useIsInFacility
DA:1,0
DA:2,0
DA:5,0
DA:7,0
DA:10,0
LF:5
LH:0
BRF:0
BRH:0
end_of_record
TN:
SF:src/components/hooks/useKindOfCareSubCopy.ts
FN:7,(anonymous_0)
FN:15,(anonymous_1)
FNF:2
FNH:0
FNDA:0,(anonymous_0)
FNDA:0,(anonymous_1)
DA:1,0
DA:2,0
DA:3,0
DA:4,0
DA:7,0
DA:12,0
DA:13,0
DA:15,0
DA:16,0
DA:17,0
DA:21,0
DA:23,0
DA:24,0
DA:27,0
DA:30,0
LF:15
LH:0
BRDA:9,0,0,0
BRDA:13,1,0,0
BRDA:13,1,1,0
BRDA:13,2,0,0
BRDA:13,2,1,0
BRDA:16,3,0,0
BRDA:21,4,0,0
BRDA:21,4,1,0
BRDA:21,5,0,0
BRDA:21,5,1,0
BRDA:23,6,0,0
BRDA:27,7,0,0
BRDA:27,7,1,0
BRF:13
BRH:0
end_of_record
TN:
SF:src/components/hooks/useLangConversational.tsx
FN:10,(anonymous_1)
FNF:1
FNH:0
FNDA:0,(anonymous_1)
DA:1,0
DA:2,0
DA:3,0
DA:4,0
DA:5,0
DA:6,0
DA:7,0
DA:8,0
DA:10,0
DA:11,0
DA:12,0
DA:15,0
DA:20,0
DA:21,0
DA:22,0
DA:23,0
DA:24,0
DA:25,0
DA:26,0
DA:27,0
DA:28,0
DA:31,0
DA:32,0
DA:40,0
DA:44,0
DA:45,0
DA:53,0
DA:57,0
DA:58,0
DA:65,0
DA:66,0
DA:68,0
DA:72,0
DA:73,0
DA:87,0
DA:88,0
DA:89,0
DA:93,0
DA:94,0
DA:95,0
DA:98,0
DA:102,0
DA:103,0
DA:105,0
DA:106,0
DA:111,0
DA:118,0
DA:119,0
DA:127,0
DA:131,0
DA:132,0
DA:133,0
DA:143,0
DA:151,0
DA:154,0
LF:55
LH:0
BRDA:20,0,0,0
BRDA:20,0,1,0
BRDA:23,1,0,0
BRDA:23,1,1,0
BRDA:26,2,0,0
BRDA:31,3,0,0
BRDA:32,4,0,0
BRDA:32,4,1,0
BRDA:44,5,0,0
BRDA:45,6,0,0
BRDA:45,6,1,0
BRDA:45,7,0,0
BRDA:45,7,1,0
BRDA:57,8,0,0
BRDA:58,9,0,0
BRDA:58,9,1,0
BRDA:65,10,0,0
BRDA:65,10,1,0
BRDA:72,11,0,0
BRDA:73,12,0,0
BRDA:73,12,1,0
BRDA:87,13,0,0
BRDA:88,14,0,0
BRDA:88,14,1,0
BRDA:88,15,0,0
BRDA:88,15,1,0
BRDA:90,16,0,0
BRDA:90,16,1,0
BRDA:93,17,0,0
BRDA:93,17,1,0
BRDA:96,18,0,0
BRDA:96,18,1,0
BRDA:98,19,0,0
BRDA:98,19,1,0
BRDA:102,20,0,0
BRDA:105,21,0,0
BRDA:105,21,1,0
BRDA:105,22,0,0
BRDA:105,22,1,0
BRDA:105,22,2,0
BRDA:118,23,0,0
BRDA:119,24,0,0
BRDA:119,24,1,0
BRDA:119,25,0,0
BRDA:119,25,1,0
BRDA:131,26,0,0
BRDA:132,27,0,0
BRDA:132,27,1,0
BRDA:132,28,0,0
BRDA:132,28,1,0
BRDA:136,29,0,0
BRDA:136,29,1,0
BRF:52
BRH:0
end_of_record
TN:
SF:src/components/hooks/useLoadIBLocationEligible.ts
FN:7,useLoadInstantBookEligibleLocation
FN:16,(anonymous_2)
FN:22,(anonymous_3)
FNF:3
FNH:0
FNDA:0,useLoadInstantBookEligibleLocation
FNDA:0,(anonymous_2)
FNDA:0,(anonymous_3)
DA:1,0
DA:2,0
DA:3,0
DA:4,0
DA:5,0
DA:7,0
DA:8,0
DA:9,0
DA:11,0
DA:17,0
DA:23,0
LF:11
LH:0
BRF:0
BRH:0
end_of_record
TN:
SF:src/components/hooks/useNearbyCaregivers.ts
FN:25,useNearbyCaregivers
FN:49,(anonymous_2)
FNF:2
FNH:0
FNDA:0,useNearbyCaregivers
FNDA:0,(anonymous_2)
DA:1,0
DA:2,0
DA:3,0
DA:4,0
DA:9,0
DA:10,0
DA:12,0
DA:13,0
DA:15,0
DA:16,0
DA:17,0
DA:25,0
DA:30,0
DA:31,0
DA:32,0
DA:34,0
DA:49,0
DA:50,0
DA:51,0
DA:55,0
DA:57,0
DA:58,0
DA:59,0
DA:61,0
DA:62,0
DA:65,0
DA:69,0
DA:71,0
DA:73,0
DA:74,0
DA:80,0
DA:81,0
DA:83,0
DA:92,0
DA:95,0
DA:98,0
LF:36
LH:0
BRDA:31,0,0,0
BRDA:31,0,1,0
BRDA:32,1,0,0
BRDA:32,1,1,0
BRDA:50,2,0,0
BRDA:55,3,0,0
BRDA:55,3,1,0
BRDA:55,4,0,0
BRDA:55,4,1,0
BRDA:55,5,0,0
BRDA:55,5,1,0
BRDA:58,6,0,0
BRDA:58,7,0,0
BRDA:58,7,1,0
BRDA:61,8,0,0
BRDA:61,8,1,0
BRDA:73,9,0,0
BRDA:73,9,1,0
BRDA:73,10,0,0
BRDA:73,10,1,0
BRDA:73,11,0,0
BRDA:73,11,1,0
BRDA:73,12,0,0
BRDA:73,12,1,0
BRDA:74,13,0,0
BRDA:75,14,0,0
BRDA:75,14,1,0
BRDA:75,14,2,0
BRDA:75,14,3,0
BRDA:92,15,0,0
BRDA:92,15,1,0
BRDA:92,15,2,0
BRDA:95,16,0,0
BRDA:95,16,1,0
BRDA:95,16,2,0
BRDA:95,16,3,0
BRF:36
BRH:0
end_of_record
TN:
SF:src/components/hooks/useNextRoute.ts
FN:11,useNextRoute
FN:29,(anonymous_2)
FNF:2
FNH:0
FNDA:0,useNextRoute
FNDA:0,(anonymous_2)
DA:1,0
DA:8,0
DA:9,0
DA:12,0
DA:13,0
DA:14,0
DA:15,0
DA:16,0
DA:17,0
DA:18,0
DA:20,0
DA:25,0
DA:26,0
DA:29,0
DA:30,0
DA:33,0
LF:16
LH:0
BRDA:15,0,0,0
BRDA:15,0,1,0
BRDA:20,1,0,0
BRDA:21,2,0,0
BRDA:21,2,1,0
BRDA:21,2,2,0
BRDA:21,2,3,0
BRDA:21,2,4,0
BRDA:21,2,5,0
BRF:9
BRH:0
end_of_record
TN:
SF:src/components/hooks/usePrevious.ts
FN:6,usePrevious
FN:9,(anonymous_1)
FNF:2
FNH:0
FNDA:0,usePrevious
FNDA:0,(anonymous_1)
DA:1,0
DA:7,0
DA:9,0
DA:10,0
DA:13,0
DA:16,0
LF:6
LH:0
BRF:0
BRH:0
end_of_record
TN:
SF:src/components/hooks/useProviderCount.ts
FN:19,useProviderCount
FNF:1
FNH:0
FNDA:0,useProviderCount
DA:1,0
DA:3,0
DA:4,0
DA:10,0
DA:12,0
DA:19,0
DA:23,0
DA:24,0
DA:26,0
DA:38,0
DA:40,0
DA:41,0
DA:42,0
DA:45,0
LF:14
LH:0
BRDA:38,0,0,0
BRDA:38,0,1,0
BRDA:38,1,0,0
BRDA:38,1,1,0
BRDA:38,2,0,0
BRDA:38,2,1,0
BRDA:41,3,0,0
BRDA:41,4,0,0
BRDA:41,4,1,0
BRDA:47,5,0,0
BRDA:47,5,1,0
BRDA:47,5,2,0
BRF:12
BRH:0
end_of_record
TN:
SF:src/components/hooks/useQueryParamData.ts
FN:29,useQueryParamData
FN:34,(anonymous_1)
FNF:2
FNH:0
FNDA:0,useQueryParamData
FNDA:0,(anonymous_1)
DA:1,0
DA:2,0
DA:3,0
DA:4,0
DA:5,0
DA:6,0
DA:8,0
DA:15,0
DA:25,0
DA:26,0
DA:27,0
DA:29,0
DA:30,0
DA:31,0
DA:32,0
DA:34,0
DA:35,0
DA:36,0
DA:39,0
DA:40,0
DA:41,0
DA:42,0
DA:43,0
DA:44,0
DA:45,0
DA:46,0
DA:47,0
DA:51,0
DA:52,0
DA:53,0
DA:54,0
DA:55,0
DA:56,0
DA:60,0
DA:61,0
DA:65,0
DA:66,0
DA:73,0
DA:74,0
DA:75,0
DA:76,0
DA:80,0
DA:84,0
LF:43
LH:0
BRDA:35,0,0,0
BRDA:39,1,0,0
BRDA:39,2,0,0
BRDA:39,2,1,0
BRDA:40,3,0,0
BRDA:40,3,1,0
BRDA:42,4,0,0
BRDA:42,4,1,0
BRDA:44,5,0,0
BRDA:44,5,1,0
BRDA:46,6,0,0
BRDA:51,7,0,0
BRDA:51,7,1,0
BRDA:52,8,0,0
BRDA:52,9,0,0
BRDA:52,9,1,0
BRDA:53,10,0,0
BRDA:53,10,1,0
BRDA:55,11,0,0
BRDA:55,11,1,0
BRDA:60,12,0,0
BRDA:60,12,1,0
BRDA:65,13,0,0
BRDA:73,14,0,0
BRDA:73,14,1,0
BRDA:74,15,0,0
BRDA:75,16,0,0
BRDA:75,16,1,0
BRDA:75,17,0,0
BRDA:75,17,1,0
BRDA:80,18,0,0
BRDA:81,19,0,0
BRDA:81,19,1,0
BRF:33
BRH:0
end_of_record
TN:
SF:src/components/hooks/useResizeObserver.ts
FN:4,useResizeObserver
FN:15,disconnect
FN:20,(anonymous_3)
FN:21,observe
FN:22,(anonymous_5)
FN:31,(anonymous_6)
FNF:6
FNH:0
FNDA:0,useResizeObserver
FNDA:0,disconnect
FNDA:0,(anonymous_3)
FNDA:0,observe
FNDA:0,(anonymous_5)
FNDA:0,(anonymous_6)
DA:2,0
DA:5,0
DA:13,0
DA:16,0
DA:17,0
DA:20,0
DA:22,0
DA:23,0
DA:24,0
DA:26,0
DA:27,0
DA:31,0
DA:32,0
DA:33,0
DA:35,0
DA:36,0
DA:40,0
DA:43,0
DA:46,0
LF:19
LH:0
BRDA:16,0,0,0
BRDA:26,1,0,0
BRDA:32,2,0,0
BRDA:32,2,1,0
BRF:4
BRH:0
end_of_record
TN:
SF:src/components/hooks/useTealiumTracking.ts
FN:33,useTealiumTracking
FN:37,(anonymous_1)
FNF:2
FNH:0
FNDA:0,useTealiumTracking
FNDA:0,(anonymous_1)
DA:1,0
DA:2,0
DA:3,0
DA:33,0
DA:36,0
DA:37,0
DA:38,0
DA:44,0
LF:8
LH:0
BRDA:33,0,0,0
BRDA:39,1,0,0
BRDA:39,1,1,0
BRF:3
BRH:0
end_of_record
TN:
SF:src/components/hooks/useTimer.ts
FN:3,useTimer
FN:5,(anonymous_1)
FN:7,(anonymous_2)
FNF:3
FNH:0
FNDA:0,useTimer
FNDA:0,(anonymous_1)
FNDA:0,(anonymous_2)
DA:1,0
DA:3,0
DA:4,0
DA:5,0
DA:6,0
DA:7,0
DA:8,0
LF:7
LH:0
BRDA:4,0,0,0
BRDA:4,0,1,0
BRF:2
BRH:0
end_of_record
TN:
SF:src/components/hooks/useWindowSize.ts
FN:8,useWindowSize
FN:13,(anonymous_1)
FN:15,handleResize
FN:30,(anonymous_3)
FNF:4
FNH:4
FNDA:82,useWindowSize
FNDA:17,(anonymous_1)
FNDA:17,handleResize
FNDA:17,(anonymous_3)
DA:1,2
DA:11,82
DA:13,82
DA:17,17
DA:24,17
DA:27,17
DA:30,17
DA:33,82
DA:36,2
LF:9
LH:9
BRF:0
BRH:0
end_of_record
TN:
SF:src/components/layouts/DefaultLayout.tsx
FN:6,(anonymous_0)
FN:10,(anonymous_1)
FN:12,(anonymous_2)
FN:28,DefaultLayout
FNF:4
FNH:0
FNDA:0,(anonymous_0)
FNDA:0,(anonymous_1)
FNDA:0,(anonymous_2)
FNDA:0,DefaultLayout
DA:1,0
DA:3,0
DA:4,0
DA:6,0
DA:11,0
DA:13,0
DA:29,0
DA:37,0
DA:46,0
LF:9
LH:0
BRDA:11,0,0,0
BRDA:11,0,1,0
BRDA:13,1,0,0
BRDA:13,1,1,0
BRF:4
BRH:0
end_of_record
TN:
SF:src/components/layouts/FullWidthLayout.tsx
FN:3,FullWidthLayout
FNF:1
FNH:0
FNDA:0,FullWidthLayout
DA:3,0
LF:1
LH:0
BRF:0
BRH:0
end_of_record
TN:
SF:src/components/layouts/FullWidthWithPaddingLayout.tsx
FN:4,(anonymous_0)
FN:25,FullWidthWithPadding
FNF:2
FNH:0
FNDA:0,(anonymous_0)
FNDA:0,FullWidthWithPadding
DA:1,0
DA:4,0
DA:25,0
DA:26,0
LF:4
LH:0
BRF:0
BRH:0
end_of_record
TN:
SF:src/components/layouts/LandingLayout.tsx
FN:71,LandingLayout
FNF:1
FNH:0
FNDA:0,LandingLayout
DA:2,0
DA:7,0
DA:71,0
DA:73,0
DA:74,0
DA:75,0
LF:6
LH:0
BRDA:25,0,0,0
BRDA:25,0,1,0
BRDA:25,1,0,0
BRDA:25,1,1,0
BRDA:25,2,0,0
BRDA:25,2,1,0
BRDA:25,3,0,0
BRDA:25,3,1,0
BRF:8
BRH:0
end_of_record
TN:
SF:src/components/layouts/RebrandedWrapper.tsx
FN:4,RebrandedWrapper
FNF:1
FNH:0
FNDA:0,RebrandedWrapper
DA:1,0
DA:8,0
DA:9,0
DA:17,0
LF:4
LH:0
BRF:0
BRH:0
end_of_record
TN:
SF:src/components/pages/availability.tsx
FN:33,(anonymous_2)
FN:106,sanitizeDate
FN:121,(anonymous_4)
FN:141,(anonymous_5)
FN:175,(anonymous_6)
FN:234,(anonymous_7)
FN:281,Availability
FN:298,handleCareDaysChange
FN:305,(anonymous_10)
FN:312,(anonymous_11)
FN:325,handleCareTimesChange
FN:332,(anonymous_13)
FN:339,handleSpecificTimes
FN:350,validateForm
FN:368,(anonymous_16)
FN:377,(anonymous_17)
FN:411,(anonymous_18)
FN:424,(anonymous_19)
FN:436,(anonymous_20)
FN:443,(anonymous_21)
FN:473,(anonymous_22)
FNF:21
FNH:18
FNDA:17,(anonymous_2)
FNDA:214,sanitizeDate
FNDA:25,(anonymous_4)
FNDA:3,(anonymous_5)
FNDA:3,(anonymous_6)
FNDA:0,(anonymous_7)
FNDA:107,Availability
FNDA:8,handleCareDaysChange
FNDA:9,(anonymous_10)
FNDA:56,(anonymous_11)
FNDA:5,handleCareTimesChange
FNDA:5,(anonymous_13)
FNDA:4,handleSpecificTimes
FNDA:0,validateForm
FNDA:0,(anonymous_16)
FNDA:107,(anonymous_17)
FNDA:4,(anonymous_18)
FNDA:65,(anonymous_19)
FNDA:4,(anonymous_20)
FNDA:65,(anonymous_21)
FNDA:749,(anonymous_22)
DA:2,2
DA:3,2
DA:4,2
DA:5,2
DA:12,2
DA:14,2
DA:15,2
DA:16,2
DA:17,2
DA:25,2
DA:27,2
DA:28,2
DA:29,2
DA:30,2
DA:33,17
DA:107,214
DA:108,123
DA:110,91
DA:121,2
DA:124,4
DA:125,4
DA:129,4
DA:130,4
DA:133,8
DA:135,8
DA:137,8
DA:140,8
DA:141,3
DA:142,8
DA:144,8
DA:146,0
DA:147,8
DA:149,0
DA:150,8
DA:151,0
DA:153,8
DA:154,8
DA:156,8
DA:159,0
DA:161,0
DA:164,0
DA:167,4
DA:168,4
DA:171,4
DA:173,4
DA:175,4
DA:176,3
DA:177,3
DA:178,0
DA:179,3
DA:180,3
DA:185,4
DA:186,4
DA:190,5
DA:192,5
DA:195,0
DA:196,0
DA:197,0
DA:199,0
DA:201,0
DA:202,0
DA:203,0
DA:204,0
DA:206,0
DA:211,0
DA:215,0
DA:216,0
DA:217,0
DA:219,0
DA:224,0
DA:225,0
DA:227,0
DA:231,0
DA:232,0
DA:233,0
DA:234,0
DA:235,0
DA:236,0
DA:237,0
DA:238,0
DA:242,0
DA:244,0
DA:248,0
DA:249,0
DA:250,0
DA:251,0
DA:252,0
DA:255,0
DA:256,0
DA:257,0
DA:258,0
DA:262,0
DA:265,0
DA:269,0
DA:271,0
DA:273,0
DA:277,0
DA:282,107
DA:283,107
DA:284,107
DA:285,107
DA:286,107
DA:287,107
DA:288,107
DA:290,107
DA:291,107
DA:293,107
DA:296,107
DA:299,8
DA:300,0
DA:304,8
DA:305,8
DA:306,9
DA:307,9
DA:312,8
DA:313,56
DA:314,56
DA:315,56
DA:317,56
DA:318,0
DA:319,56
DA:320,8
DA:326,5
DA:327,0
DA:331,5
DA:332,5
DA:333,5
DA:336,5
DA:341,4
DA:342,2
DA:344,4
DA:345,0
DA:347,4
DA:351,0
DA:354,0
DA:355,0
DA:356,0
DA:360,0
DA:361,0
DA:362,0
DA:365,0
DA:368,107
DA:369,0
DA:370,0
DA:371,0
DA:374,0
DA:377,107
DA:378,107
DA:412,4
DA:413,4
DA:418,0
DA:424,65
DA:437,4
DA:438,4
DA:440,0
DA:443,65
DA:473,749
DA:552,2
LF:158
LH:91
BRDA:107,0,0,123
BRDA:107,1,0,214
BRDA:107,1,1,123
BRDA:123,2,0,4
BRDA:123,2,1,4
BRDA:123,2,2,8
BRDA:123,2,3,0
BRDA:123,2,4,4
BRDA:123,2,5,5
BRDA:123,2,6,0
BRDA:123,2,7,0
BRDA:123,2,8,0
BRDA:123,2,9,0
BRDA:135,3,0,0
BRDA:135,3,1,8
BRDA:135,4,0,8
BRDA:135,4,1,8
BRDA:144,5,0,0
BRDA:144,5,1,8
BRDA:144,6,0,8
BRDA:144,6,1,0
BRDA:147,7,0,0
BRDA:147,7,1,8
BRDA:147,8,0,8
BRDA:147,8,1,0
BRDA:147,8,2,0
BRDA:150,9,0,0
BRDA:159,10,0,0
BRDA:172,11,0,2
BRDA:172,12,0,2
BRDA:173,13,0,2
BRDA:173,13,1,2
BRDA:176,14,0,3
BRDA:176,14,1,0
BRDA:176,15,0,3
BRDA:176,15,1,3
BRDA:177,16,0,0
BRDA:177,16,1,3
BRDA:177,17,0,3
BRDA:177,17,1,3
BRDA:177,17,2,0
BRDA:179,18,0,3
BRDA:199,19,0,0
BRDA:201,20,0,0
BRDA:207,21,0,0
BRDA:207,21,1,0
BRDA:211,22,0,0
BRDA:212,23,0,0
BRDA:212,23,1,0
BRDA:212,23,2,0
BRDA:212,23,3,0
BRDA:220,24,0,0
BRDA:220,24,1,0
BRDA:233,25,0,0
BRDA:235,26,0,0
BRDA:237,27,0,0
BRDA:255,28,0,0
BRDA:290,29,0,0
BRDA:290,29,1,107
BRDA:290,30,0,107
BRDA:290,30,1,107
BRDA:291,31,0,0
BRDA:291,31,1,107
BRDA:291,32,0,107
BRDA:291,32,1,107
BRDA:299,33,0,0
BRDA:299,34,0,8
BRDA:299,34,1,0
BRDA:306,35,0,9
BRDA:317,36,0,0
BRDA:317,36,1,56
BRDA:317,37,0,56
BRDA:317,37,1,1
BRDA:319,38,0,8
BRDA:319,39,0,56
BRDA:319,39,1,55
BRDA:326,40,0,0
BRDA:326,41,0,5
BRDA:326,41,1,0
BRDA:341,42,0,2
BRDA:341,43,0,4
BRDA:341,43,1,0
BRDA:344,44,0,0
[...]
DA:16,0
DA:23,0
DA:25,0
DA:26,0
DA:29,0
DA:30,0
DA:32,0
DA:37,0
DA:43,0
DA:44,0
DA:58,0
DA:60,0
DA:62,0
DA:64,0
DA:66,0
DA:68,0
DA:75,0
DA:77,0
DA:79,0
DA:81,0
DA:86,0
DA:96,0
DA:103,0
LF:31
LH:0
BRDA:23,0,0,0
BRDA:26,1,0,0
BRDA:26,1,1,0
BRDA:57,2,0,0
BRDA:57,2,1,0
BRDA:57,2,2,0
BRDA:57,2,3,0
BRDA:57,2,4,0
BRDA:74,3,0,0
BRDA:74,3,1,0
BRDA:74,3,2,0
BRDA:90,4,0,0
BRDA:90,4,1,0
BRDA:96,5,0,0
BRDA:96,5,1,0
BRDA:96,5,2,0
BRDA:97,6,0,0
BRDA:97,6,1,0
BRDA:97,7,0,0
BRDA:97,7,1,0
BRDA:97,8,0,0
BRDA:97,8,1,0
BRDA:97,9,0,0
BRDA:97,9,1,0
BRF:24
BRH:0
end_of_record
TN:
SF:src/utilities/amplitudeAnalyticsHelper.tsx
FN:75,logCareEvent
FNF:1
FNH:0
FNDA:0,logCareEvent
DA:1,0
DA:2,0
DA:75,0
DA:87,0
DA:88,0
DA:89,0
DA:91,0
DA:92,0
DA:93,0
DA:95,0
DA:97,0
LF:11
LH:0
BRDA:78,0,0,0
BRDA:79,1,0,0
BRDA:80,2,0,0
BRDA:81,3,0,0
BRDA:86,4,0,0
BRDA:86,4,1,0
BRF:6
BRH:0
end_of_record
TN:
SF:src/utilities/analyticsHelper.tsx
FN:39,(anonymous_1)
FN:53,(anonymous_3)
FN:68,(anonymous_4)
FN:91,(anonymous_5)
FN:104,(anonymous_6)
FN:121,(anonymous_7)
FN:132,(anonymous_8)
FN:137,(anonymous_9)
FNF:8
FNH:0
FNDA:0,(anonymous_1)
FNDA:0,(anonymous_3)
FNDA:0,(anonymous_4)
FNDA:0,(anonymous_5)
FNDA:0,(anonymous_6)
FNDA:0,(anonymous_7)
FNDA:0,(anonymous_8)
FNDA:0,(anonymous_9)
DA:2,1
DA:3,1
DA:5,1
DA:6,1
DA:7,1
DA:8,1
DA:9,1
DA:10,1
DA:12,1
DA:14,1
DA:15,1
DA:17,1
DA:39,1
DA:40,0
DA:41,0
DA:46,0
DA:47,0
DA:53,1
DA:54,0
DA:55,0
DA:56,0
DA:61,0
DA:68,1
DA:69,0
DA:70,0
DA:71,0
DA:72,0
DA:73,0
DA:74,0
DA:76,0
DA:77,0
DA:78,0
DA:80,0
DA:81,0
DA:85,0
DA:86,0
DA:91,1
DA:92,0
DA:93,0
DA:94,0
DA:98,0
DA:99,0
DA:104,1
DA:108,0
DA:109,0
DA:110,0
DA:121,1
DA:122,0
DA:132,1
DA:133,0
DA:134,0
DA:137,1
DA:138,0
DA:139,0
LF:54
LH:20
BRDA:40,0,0,0
BRDA:73,1,0,0
BRDA:77,2,0,0
BRDA:95,3,0,0
BRDA:95,3,1,0
BRDA:109,4,0,0
BRDA:109,5,0,0
BRDA:109,5,1,0
BRDA:109,6,0,0
BRDA:109,6,1,0
BRDA:109,7,0,0
BRDA:109,7,1,0
BRDA:109,8,0,0
BRDA:109,8,1,0
BRDA:51,9,0,1
BRDA:51,9,1,1
BRDA:133,10,0,0
BRF:17
BRH:2
end_of_record
TN:
SF:src/utilities/childCareAnalyticsHelper.ts
FN:65,logChildCareEvent
FNF:1
FNH:0
FNDA:0,logChildCareEvent
DA:1,0
DA:2,0
DA:65,0
DA:77,0
DA:78,0
DA:79,0
DA:81,0
DA:82,0
DA:83,0
DA:85,0
DA:86,0
DA:87,0
DA:89,0
DA:91,0
LF:14
LH:0
BRDA:68,0,0,0
BRDA:69,1,0,0
BRDA:70,2,0,0
BRDA:71,3,0,0
BRDA:76,4,0,0
BRDA:76,4,1,0
BRDA:76,4,2,0
BRF:7
BRH:0
end_of_record
TN:
SF:src/utilities/customCookiesHelper.ts
FN:13,generateIdCookieBody
FNF:1
FNH:0
FNDA:0,generateIdCookieBody
DA:13,0
DA:21,0
DA:22,0
DA:24,0
DA:25,0
LF:5
LH:0
BRDA:16,0,0,0
BRDA:17,1,0,0
BRDA:19,2,0,0
BRDA:21,3,0,0
BRDA:21,4,0,0
BRDA:21,4,1,0
BRDA:24,5,0,0
BRDA:24,5,1,0
BRF:8
BRH:0
end_of_record
TN:
SF:src/utilities/czenCookiesHelper.ts
FN:4,getCzenVisitorId
FN:9,getCzenSessionId
FNF:2
FNH:0
FNDA:0,getCzenVisitorId
FNDA:0,getCzenSessionId
DA:1,1
DA:2,1
DA:4,1
DA:5,0
DA:6,0
DA:9,1
DA:10,0
DA:11,0
LF:8
LH:4
BRDA:11,0,0,0
BRDA:11,0,1,0
BRDA:11,1,0,0
BRDA:11,1,1,0
BRF:4
BRH:0
end_of_record
TN:
SF:src/utilities/daycareHelper.ts
FN:24,convertDaycareLeadsToCrmEventFormat
FN:29,(anonymous_1)
FNF:2
FNH:0
FNDA:0,convertDaycareLeadsToCrmEventFormat
FNDA:0,(anonymous_1)
DA:24,0
DA:27,0
DA:29,0
DA:30,0
DA:31,0
DA:42,0
DA:46,0
LF:7
LH:0
BRDA:30,0,0,0
BRDA:35,1,0,0
BRDA:35,1,1,0
BRDA:35,2,0,0
BRDA:35,2,1,0
BRDA:35,3,0,0
BRDA:35,3,1,0
BRDA:36,4,0,0
BRDA:36,4,1,0
BRDA:36,5,0,0
BRDA:36,5,1,0
BRDA:36,6,0,0
BRDA:36,6,1,0
BRDA:37,7,0,0
BRDA:37,7,1,0
BRDA:37,8,0,0
BRDA:37,8,1,0
BRDA:37,9,0,0
BRDA:37,9,1,0
BRDA:38,10,0,0
BRDA:38,10,1,0
BRDA:38,11,0,0
BRDA:38,11,1,0
BRDA:38,12,0,0
BRDA:38,12,1,0
BRF:25
BRH:0
end_of_record
TN:
SF:src/utilities/dobHelper.ts
FN:4,currentDate
FN:8,convertDOBToAgeRange
FNF:2
FNH:0
FNDA:0,currentDate
FNDA:0,convertDOBToAgeRange
DA:1,2
DA:2,2
DA:4,2
DA:5,0
DA:8,2
DA:10,0
DA:12,0
DA:15,0
DA:17,0
DA:18,0
DA:20,0
DA:21,0
DA:23,0
DA:24,0
DA:26,0
DA:29,0
LF:16
LH:4
BRDA:10,0,0,0
BRDA:15,1,0,0
BRDA:15,1,1,0
BRDA:18,2,0,0
BRDA:18,2,1,0
BRDA:21,3,0,0
BRDA:21,3,1,0
BRDA:24,4,0,0
BRF:8
BRH:0
end_of_record
TN:
SF:src/utilities/globalValidations.ts
FN:8,(anonymous_0)
FN:12,(anonymous_1)
FN:16,(anonymous_2)
FNF:3
FNH:0
FNDA:0,(anonymous_0)
FNDA:0,(anonymous_1)
FNDA:0,(anonymous_2)
DA:2,0
DA:4,0
DA:5,0
DA:6,0
DA:8,0
DA:9,0
DA:12,0
DA:13,0
DA:16,0
DA:17,0
LF:10
LH:0
BRF:0
BRH:0
end_of_record
TN:
SF:src/utilities/gqlPayloadHelper.tsx
FN:54,getDateFromIntent
FN:70,constructBlocksFromCareTimes
FN:94,prepareWeeklySchedule
FN:100,(anonymous_4)
FN:109,prepareSafeOneTimeSchedule
FN:116,replaceSmartPunctuation
FN:132,generateDescription
FN:153,(anonymous_8)
FN:169,generateJobCreateInput
FN:216,formatCaregiverQualities
FN:228,constructChildren
FN:230,(anonymous_12)
FN:261,(anonymous_13)
FN:314,generateChildCareJobCreateInput
FN:333,generateHousekeepingJobCreateInput
FN:354,generatePetCareJobCreateInput
FN:371,generateTutoringJobCreateInput
FN:401,generateProviderAvailabilityUpdateInput
FN:412,(anonymous_19)
FN:423,formatCareRecipientInfo
FN:446,generateCCDayCareLead
FN:459,(anonymous_22)
FNF:22
FNH:3
FNDA:0,getDateFromIntent
FNDA:12,constructBlocksFromCareTimes
FNDA:2,prepareWeeklySchedule
FNDA:0,(anonymous_4)
FNDA:0,prepareSafeOneTimeSchedule
FNDA:0,replaceSmartPunctuation
FNDA:0,generateDescription
FNDA:0,(anonymous_8)
FNDA:0,generateJobCreateInput
FNDA:0,formatCaregiverQualities
FNDA:0,constructChildren
FNDA:0,(anonymous_12)
FNDA:0,(anonymous_13)
FNDA:0,generateChildCareJobCreateInput
FNDA:0,generateHousekeepingJobCreateInput
FNDA:0,generatePetCareJobCreateInput
FNDA:0,generateTutoringJobCreateInput
FNDA:2,generateProviderAvailabilityUpdateInput
FNDA:0,(anonymous_19)
FNDA:0,formatCareRecipientInfo
FNDA:0,generateCCDayCareLead
FNDA:0,(anonymous_22)
DA:2,2
DA:3,2
DA:4,2
DA:5,2
DA:6,2
DA:7,2
DA:8,2
DA:9,2
DA:15,2
DA:23,2
DA:42,2
DA:43,2
DA:45,2
DA:49,2
DA:51,2
DA:52,2
DA:54,2
DA:55,0
DA:56,0
DA:59,0
DA:61,0
DA:66,0
DA:70,2
DA:71,12
DA:73,12
DA:74,0
DA:77,12
DA:78,0
DA:80,12
DA:81,0
DA:83,12
DA:84,0
DA:86,12
DA:87,0
DA:91,12
DA:95,2
DA:96,2
DA:98,0
DA:99,0
DA:100,0
DA:101,0
DA:103,0
DA:106,2
DA:110,0
DA:117,0
DA:132,2
DA:138,0
DA:140,0
DA:141,0
DA:142,0
DA:143,0
DA:146,0
DA:147,0
DA:148,0
DA:151,0
DA:152,0
DA:153,0
DA:155,0
DA:159,0
DA:162,0
DA:163,0
DA:164,0
DA:166,0
DA:169,2
DA:170,0
DA:177,0
DA:202,0
DA:203,0
DA:205,0
DA:206,0
DA:213,0
DA:217,0
DA:218,0
DA:219,0
DA:221,0
DA:222,0
DA:225,0
DA:228,2
DA:229,0
DA:230,0
DA:231,0
DA:236,0
DA:237,0
DA:239,0
DA:245,0
DA:246,0
DA:251,0
DA:258,0
DA:261,2
DA:267,0
DA:268,0
DA:286,0
DA:288,0
DA:289,0
DA:303,0
DA:304,0
DA:311,0
DA:314,2
DA:318,0
DA:319,0
DA:321,0
DA:330,0
DA:333,2
DA:337,0
DA:338,0
DA:340,0
DA:351,0
DA:354,2
DA:358,0
DA:359,0
DA:360,0
DA:368,0
DA:371,2
DA:375,0
DA:376,0
DA:378,0
DA:387,0
DA:395,2
DA:401,2
DA:405,2
DA:406,2
DA:412,2
DA:413,0
DA:414,0
DA:420,2
DA:423,2
DA:424,0
DA:425,0
DA:426,0
DA:427,0
DA:428,0
DA:430,0
DA:431,0
DA:433,0
DA:436,0
DA:437,0
DA:439,0
DA:443,0
DA:446,2
DA:447,0
DA:448,0
DA:449,0
DA:450,0
DA:458,0
DA:459,0
DA:460,0
DA:461,0
DA:466,0
LF:148
LH:44
BRDA:56,0,0,0
BRDA:56,0,1,0
BRDA:56,1,0,0
BRDA:56,1,1,0
BRDA:58,2,0,0
BRDA:58,2,1,0
BRDA:58,2,2,0
BRDA:58,2,3,0
BRDA:73,3,0,0
BRDA:73,3,1,12
BRDA:73,4,0,12
BRDA:73,4,1,0
BRDA:73,4,2,0
BRDA:73,4,3,0
BRDA:77,5,0,0
BRDA:80,6,0,0
BRDA:83,7,0,0
BRDA:86,8,0,0
BRDA:96,9,0,0
BRDA:112,10,0,0
BRDA:112,10,1,0
BRDA:141,11,0,0
BRDA:141,12,0,0
BRDA:141,12,1,0
BRDA:146,13,0,0
BRDA:146,14,0,0
BRDA:146,14,1,0
BRDA:151,15,0,0
BRDA:151,16,0,0
BRDA:151,16,1,0
BRDA:158,17,0,0
BRDA:158,17,1,0
BRDA:162,18,0,0
BRDA:163,19,0,0
BRDA:163,19,1,0
BRDA:199,20,0,0
BRDA:199,20,1,0
BRDA:202,21,0,0
BRDA:205,22,0,0
BRDA:218,23,0,0
BRDA:221,24,0,0
BRDA:241,25,0,0
BRDA:241,25,1,0
BRDA:241,26,0,0
BRDA:241,26,1,0
BRDA:242,27,0,0
BRDA:242,27,1,0
BRDA:245,28,0,0
BRDA:245,28,1,0
BRDA:269,29,0,0
BRDA:269,29,1,0
BRDA:288,30,0,0
BRDA:297,31,0,0
BRDA:297,31,1,0
BRDA:303,32,0,0
BRDA:405,33,0,2
BRDA:405,33,1,2
BRDA:415,34,0,0
BRDA:415,34,1,0
BRDA:415,35,0,0
BRDA:415,35,1,0
BRDA:415,36,0,0
BRDA:415,36,1,0
BRDA:416,37,0,0
BRDA:416,37,1,0
BRDA:416,38,0,0
BRDA:416,38,1,0
BRDA:416,39,0,0
BRDA:416,39,1,0
BRDA:426,40,0,0
BRDA:426,40,1,0
BRDA:426,40,2,0
BRDA:426,40,3,0
BRDA:427,41,0,0
BRDA:428,42,0,0
BRDA:430,43,0,0
BRDA:430,43,1,0
BRDA:436,44,0,0
BRDA:436,44,1,0
BRDA:436,45,0,0
BRDA:436,45,1,0
BRDA:458,46,0,0
BRDA:460,47,0,0
BRF:83
BRH:4
end_of_record
TN:
SF:src/utilities/idealCaregiverHelper.ts
FN:4,isInvalidAuthTokenInErrors
FN:5,(anonymous_1)
FNF:2
FNH:0
FNDA:0,isInvalidAuthTokenInErrors
FNDA:0,(anonymous_1)
DA:4,0
DA:5,0
DA:6,0
DA:8,0
LF:4
LH:0
BRDA:6,0,0,0
BRDA:6,0,1,0
BRDA:6,1,0,0
BRDA:6,1,1,0
BRF:4
BRH:0
end_of_record
TN:
SF:src/utilities/internalOnly.ts
FN:20,internalOnly
FN:23,(anonymous_1)
FNF:2
FNH:0
FNDA:0,internalOnly
FNDA:0,(anonymous_1)
DA:20,0
DA:23,0
DA:24,0
DA:28,0
DA:32,0
DA:33,0
DA:37,0
DA:38,0
DA:43,0
DA:44,0
DA:47,0
LF:11
LH:0
BRDA:37,0,0,0
BRDA:37,1,0,0
BRDA:37,1,1,0
BRDA:37,1,2,0
BRDA:43,2,0,0
BRF:5
BRH:0
end_of_record
TN:
SF:src/utilities/leadAndConnectHelper.ts
FN:6,(anonymous_0)
FNF:1
FNH:0
FNDA:0,(anonymous_0)
DA:6,0
DA:13,0
DA:29,0
LF:3
LH:0
BRDA:17,0,0,0
BRDA:17,0,1,0
BRDA:20,1,0,0
BRDA:20,1,1,0
BRDA:20,2,0,0
BRDA:20,2,1,0
BRDA:20,2,2,0
BRDA:23,3,0,0
BRDA:23,3,1,0
BRDA:23,4,0,0
BRDA:23,4,1,0
BRDA:24,5,0,0
BRDA:24,5,1,0
BRDA:24,6,0,0
BRDA:24,6,1,0
BRDA:25,7,0,0
BRDA:25,7,1,0
BRF:17
BRH:0
end_of_record
TN:
SF:src/utilities/localStorageHelper.tsx
FN:11,isLocalStorageAvailable
FN:41,(anonymous_2)
FN:47,(anonymous_3)
FN:69,(anonymous_4)
FN:79,(anonymous_5)
FN:89,(anonymous_6)
FN:100,(anonymous_7)
FN:112,(anonymous_8)
FNF:8
FNH:0
FNDA:0,isLocalStorageAvailable
FNDA:0,(anonymous_2)
FNDA:0,(anonymous_3)
FNDA:0,(anonymous_4)
FNDA:0,(anonymous_5)
FNDA:0,(anonymous_6)
FNDA:0,(anonymous_7)
FNDA:0,(anonymous_8)
DA:1,0
DA:6,0
DA:7,0
DA:9,0
DA:11,0
DA:12,0
DA:13,0
DA:14,0
DA:15,0
DA:19,0
DA:21,0
DA:22,0
DA:25,0
DA:26,0
DA:27,0
DA:32,0
DA:33,0
DA:34,0
DA:38,0
DA:42,0
DA:43,0
DA:44,0
DA:52,0
DA:53,0
DA:56,0
DA:57,0
DA:60,0
DA:70,0
DA:71,0
DA:72,0
DA:74,0
DA:75,0
DA:80,0
DA:81,0
DA:83,0
DA:84,0
DA:86,0
DA:90,0
DA:91,0
DA:93,0
DA:94,0
DA:95,0
DA:97,0
DA:101,0
DA:102,0
DA:103,0
DA:105,0
DA:106,0
DA:108,0
DA:113,0
DA:114,0
DA:115,0
DA:117,0
DA:118,0
LF:54
LH:0
BRDA:12,0,0,0
BRDA:13,1,0,0
BRDA:21,2,0,0
BRDA:52,3,0,0
BRDA:56,4,0,0
BRDA:70,5,0,0
BRDA:70,5,1,0
BRDA:80,6,0,0
BRDA:83,7,0,0
BRDA:90,8,0,0
BRDA:94,9,0,0
BRDA:94,10,0,0
BRDA:94,10,1,0
BRDA:101,11,0,0
BRDA:101,11,1,0
BRDA:105,12,0,0
BRDA:113,13,0,0
BRDA:113,13,1,0
BRF:18
BRH:0
end_of_record
TN:
SF:src/utilities/log-click-event.ts
FN:5,(anonymous_1)
FN:9,(anonymous_2)
FNF:2
FNH:0
FNDA:0,(anonymous_1)
FNDA:0,(anonymous_2)
DA:1,0
DA:2,0
DA:5,0
DA:6,0
DA:9,0
DA:10,0
DA:11,0
DA:12,0
DA:13,0
DA:15,0
DA:16,0
DA:22,0
DA:23,0
DA:25,0
DA:32,0
DA:41,0
LF:16
LH:0
BRDA:9,0,0,0
BRDA:11,1,0,0
BRDA:11,1,1,0
BRDA:15,2,0,0
BRDA:22,3,0,0
BRF:5
BRH:0
end_of_record
TN:
SF:src/utilities/oneTimeHelper.tsx
FN:18,isSameDate
FN:23,calculateBoundaryDatesAndTimes
FNF:2
FNH:2
FNDA:107,isSameDate
FNDA:107,calculateBoundaryDatesAndTimes
DA:1,2
DA:2,2
DA:3,2
DA:5,2
DA:6,2
DA:19,107
DA:23,2
DA:27,107
DA:30,107
DA:33,107
DA:35,107
DA:37,107
DA:38,107
DA:40,107
DA:41,0
DA:42,0
DA:44,0
DA:48,107
DA:52,0
DA:53,0
DA:56,107
DA:57,107
DA:58,107
DA:59,107
DA:60,107
DA:62,107
LF:26
LH:21
BRDA:19,0,0,107
BRDA:19,0,1,5
BRDA:35,1,0,107
BRDA:35,1,1,0
BRDA:37,2,0,107
BRDA:37,2,1,0
BRDA:40,3,0,0
BRDA:40,4,0,107
BRDA:40,4,1,0
BRDA:41,5,0,0
BRDA:41,5,1,0
BRDA:48,6,0,13
BRDA:48,6,1,94
BRF:13
BRH:7
end_of_record
TN:
SF:src/utilities/seekerAttributesHelper.ts
FN:45,mapInFacilityStateToUpdateInput
FN:67,(anonymous_1)
FNF:2
FNH:0
FNDA:0,mapInFacilityStateToUpdateInput
FNDA:0,(anonymous_1)
DA:6,0
DA:13,0
DA:17,0
DA:29,0
DA:38,0
DA:45,0
DA:52,0
DA:54,0
DA:55,0
DA:58,0
DA:59,0
DA:61,0
DA:63,0
DA:64,0
DA:66,0
DA:67,0
DA:68,0
DA:69,0
DA:73,0
DA:74,0
DA:77,0
DA:78,0
DA:80,0
LF:23
LH:0
BRDA:54,0,0,0
BRDA:58,1,0,0
BRDA:63,2,0,0
BRDA:63,3,0,0
BRDA:63,3,1,0
BRDA:66,4,0,0
BRDA:66,5,0,0
BRDA:66,5,1,0
BRDA:68,6,0,0
BRDA:73,7,0,0
BRDA:77,8,0,0
BRF:11
BRH:0
end_of_record
TN:
SF:src/utilities/senior-care-facility-utility.ts
FN:9,(anonymous_1)
FN:11,(anonymous_2)
FN:17,(anonymous_3)
FN:46,recommendedSeniorCareCommunityType
FN:70,recommendedCaringFacilityFlags
FNF:5
FNH:0
FNDA:0,(anonymous_1)
FNDA:0,(anonymous_2)
FNDA:0,(anonymous_3)
FNDA:0,recommendedSeniorCareCommunityType
FNDA:0,recommendedCaringFacilityFlags
DA:1,2
DA:2,2
DA:4,2
DA:6,2
DA:9,0
DA:11,2
DA:12,0
DA:17,2
DA:20,0
DA:21,0
DA:23,0
DA:25,0
DA:26,0
DA:27,0
DA:28,0
DA:31,0
DA:32,0
DA:33,0
DA:36,0
DA:37,0
DA:38,0
DA:39,0
DA:43,0
DA:46,2
DA:49,0
DA:53,0
DA:55,0
DA:57,0
DA:59,0
DA:70,2
DA:73,0
DA:75,0
LF:32
LH:8
BRDA:23,0,0,0
BRDA:25,1,0,0
BRDA:26,2,0,0
BRDA:26,3,0,0
BRDA:26,3,1,0
BRDA:31,4,0,0
BRDA:32,5,0,0
BRDA:36,6,0,0
BRDA:36,7,0,0
BRDA:36,7,1,0
BRDA:37,8,0,0
BRDA:37,9,0,0
BRDA:37,9,1,0
BRDA:52,10,0,0
BRDA:52,10,1,0
BRDA:52,10,2,0
BRF:16
BRH:0
end_of_record
TN:
SF:src/utilities/siftScienceHelper.ts
FN:4,trackPageViewInSiftScience
FNF:1
FNH:1
FNDA:17,trackPageViewInSiftScience
DA:4,2
DA:6,17
DA:8,0
DA:9,0
DA:10,0
DA:12,0
DA:14,0
DA:15,0
DA:17,0
LF:9
LH:2
BRDA:6,0,0,0
BRDA:9,1,0,0
BRDA:9,1,1,0
BRDA:14,2,0,0
BRF:4
BRH:0
end_of_record
TN:
SF:src/utilities/stripInvalidCharacters.ts
FN:2,(anonymous_0)
FNF:1
FNH:0
FNDA:0,(anonymous_0)
DA:1,0
DA:2,0
DA:3,0
DA:6,0
LF:4
LH:0
BRF:0
BRH:0
end_of_record
TN:
SF:src/utilities/utagHelper.ts
FN:19,(anonymous_2)
FN:26,(anonymous_3)
FN:28,(anonymous_4)
FN:43,(anonymous_5)
FN:55,(anonymous_6)
FN:66,(anonymous_7)
FN:77,(anonymous_8)
FN:88,(anonymous_9)
FN:94,(anonymous_10)
FNF:9
FNH:0
FNDA:0,(anonymous_2)
FNDA:0,(anonymous_3)
FNDA:0,(anonymous_4)
FNDA:0,(anonymous_5)
FNDA:0,(anonymous_6)
FNDA:0,(anonymous_7)
FNDA:0,(anonymous_8)
FNDA:0,(anonymous_9)
FNDA:0,(anonymous_10)
DA:1,0
DA:2,0
DA:15,0
DA:16,0
DA:19,0
DA:20,0
DA:21,0
DA:26,0
DA:27,0
DA:28,0
DA:29,0
DA:31,0
DA:32,0
DA:35,0
DA:36,0
DA:37,0
DA:38,0
DA:39,0
DA:40,0
DA:41,0
DA:42,0
DA:45,0
DA:50,0
DA:51,0
DA:55,0
DA:56,0
DA:61,0
DA:66,0
DA:67,0
DA:72,0
DA:73,0
DA:75,0
DA:76,0
DA:77,0
DA:78,0
DA:81,0
DA:84,0
DA:85,0
DA:88,0
DA:89,0
DA:91,0
DA:94,0
DA:95,0
LF:43
LH:0
BRDA:29,0,0,0
BRDA:29,0,1,0
BRDA:31,1,0,0
BRDA:41,2,0,0
BRDA:56,3,0,0
BRDA:57,4,0,0
BRDA:57,4,1,0
BRDA:57,4,2,0
BRDA:72,5,0,0
BRDA:75,6,0,0
BRDA:75,6,1,0
BRDA:14,7,0,0
BRDA:14,7,1,0
BRF:13
BRH:0
end_of_record
TN:
SF:src/utilities/verticalUtils.ts
FN:12,getVertical
FNF:1
FNH:1
FNDA:17,getVertical
DA:1,2
DA:4,2
DA:5,2
DA:6,2
DA:7,2
DA:8,2
DA:9,2
DA:10,2
DA:13,17
DA:16,17
DA:20,17
DA:25,0
DA:29,17
DA:30,0
DA:34,17
DA:35,0
DA:39,17
DA:40,0
DA:44,17
DA:45,0
DA:49,17
DA:52,2
LF:22
LH:17
BRDA:13,0,0,17
BRDA:20,1,0,0
BRDA:21,2,0,17
BRDA:21,2,1,17
BRDA:21,2,2,17
BRDA:29,3,0,0
BRDA:34,4,0,0
BRDA:39,5,0,0
BRDA:44,6,0,0
BRF:9
BRH:4
end_of_record
TN:
SF:src/utilities/wageHelper.tsx
FN:15,fixInitialRateRange
FN:35,reduceWages
FNF:2
FNH:0
FNDA:0,fixInitialRateRange
FNDA:0,reduceWages
DA:1,0
DA:19,0
DA:20,0
DA:22,0
DA:23,0
DA:24,0
DA:25,0
DA:27,0
DA:35,0
DA:44,0
DA:47,0
DA:50,0
DA:53,0
DA:54,0
DA:55,0
DA:56,0
DA:58,0
LF:17
LH:0
BRDA:22,0,0,0
BRDA:22,0,1,0
BRDA:24,1,0,0
BRDA:44,2,0,0
BRDA:44,2,1,0
BRDA:44,3,0,0
BRDA:44,3,1,0
BRDA:45,4,0,0
BRDA:45,4,1,0
BRDA:45,5,0,0
BRDA:45,5,1,0
BRDA:45,6,0,0
BRDA:45,6,1,0
BRDA:45,7,0,0
BRDA:45,7,1,0
BRDA:45,8,0,0
BRDA:45,8,1,0
BRDA:45,9,0,0
BRDA:45,9,1,0
BRDA:45,10,0,0
BRDA:45,10,1,0
BRDA:45,11,0,0
BRDA:45,11,1,0
BRDA:45,12,0,0
BRDA:45,12,1,0
BRDA:47,13,0,0
BRDA:47,13,1,0
BRDA:47,14,0,0
BRDA:47,14,1,0
BRDA:48,15,0,0
BRDA:48,15,1,0
BRDA:48,16,0,0
BRDA:48,16,1,0
BRDA:48,17,0,0
BRDA:48,17,1,0
BRDA:48,18,0,0
BRDA:48,18,1,0
BRDA:48,19,0,0
BRDA:48,19,1,0
BRDA:48,20,0,0
BRDA:48,20,1,0
BRDA:48,21,0,0
BRDA:48,21,1,0
BRDA:48,22,0,0
BRDA:48,22,1,0
BRDA:48,23,0,0
BRDA:48,23,1,0
BRDA:50,24,0,0
BRDA:50,24,1,0
BRDA:50,25,0,0
BRDA:50,25,1,0
BRDA:51,26,0,0
BRDA:51,26,1,0
BRDA:51,27,0,0
BRDA:51,27,1,0
BRDA:51,28,0,0
BRDA:51,28,1,0
BRDA:51,29,0,0
BRDA:51,29,1,0
BRDA:51,30,0,0
BRDA:51,30,1,0
BRDA:51,31,0,0
BRDA:51,31,1,0
BRDA:51,32,0,0
BRDA:51,32,1,0
BRDA:51,33,0,0
BRDA:51,33,1,0
BRDA:53,34,0,0
BRF:68
BRH:0
end_of_record
TN:
SF:src/utilities/description/constants.ts
FNF:0
FNH:0
DA:1,2
DA:2,2
DA:3,2
DA:4,2
DA:6,2
DA:7,2
DA:8,2
DA:9,2
DA:10,2
DA:13,2
DA:14,2
DA:16,2
DA:17,2
DA:18,2
DA:19,2
DA:21,2
DA:22,2
DA:23,2
DA:24,2
DA:25,2
DA:28,2
DA:29,2
DA:32,2
DA:33,2
DA:34,2
DA:36,2
LF:26
LH:26
BRF:0
BRH:0
end_of_record
TN:
SF:src/utilities/description/cc/descriptionBuilder.ts
FN:8,convertFrom24To12Format
FN:16,camelCase
FN:17,replacer
FN:22,buildDaySchedule
FN:27,(anonymous_5)
FN:33,buildJobScheduleInfo
FN:35,(anonymous_7)
FN:39,sortByDay
FN:45,(anonymous_9)
FN:49,(anonymous_10)
FN:55,buildScheduleDescription
FN:83,resolveCaregiver
FN:95,applyOptionalDot
FN:99,buildHomeworkAndStructuringServices
FN:101,(anonymous_15)
FN:111,(anonymous_16)
FN:119,buildServicesDescription
FN:126,(anonymous_18)
FN:143,(anonymous_19)
FN:153,buildPersonalityContent
FN:160,buildDescription
FNF:21
FNH:0
FNDA:0,convertFrom24To12Format
FNDA:0,camelCase
FNDA:0,replacer
FNDA:0,buildDaySchedule
FNDA:0,(anonymous_5)
FNDA:0,buildJobScheduleInfo
FNDA:0,(anonymous_7)
FNDA:0,sortByDay
FNDA:0,(anonymous_9)
FNDA:0,(anonymous_10)
FNDA:0,buildScheduleDescription
FNDA:0,resolveCaregiver
FNDA:0,applyOptionalDot
FNDA:0,buildHomeworkAndStructuringServices
FNDA:0,(anonymous_15)
FNDA:0,(anonymous_16)
FNDA:0,buildServicesDescription
FNDA:0,(anonymous_18)
FNDA:0,(anonymous_19)
FNDA:0,buildPersonalityContent
FNDA:0,buildDescription
DA:1,2
DA:2,2
DA:4,2
DA:5,2
DA:10,0
DA:11,0
DA:12,0
DA:13,0
DA:17,0
DA:18,0
DA:24,0
DA:25,0
DA:27,0
DA:28,0
DA:30,0
DA:34,0
DA:35,0
DA:39,0
DA:41,0
DA:44,0
DA:47,0
DA:49,0
DA:52,0
DA:56,0
DA:58,0
DA:59,0
DA:61,0
DA:62,0
DA:63,0
DA:64,0
DA:68,0
DA:69,0
DA:74,0
DA:75,0
DA:80,0
DA:86,0
DA:88,0
DA:90,0
DA:96,0
DA:104,0
DA:106,0
DA:108,0
DA:111,0
DA:113,0
DA:114,0
DA:116,0
DA:129,0
DA:131,0
DA:133,0
DA:135,0
DA:136,0
DA:138,0
DA:140,0
DA:143,0
DA:145,0
DA:146,0
DA:150,0
DA:154,0
DA:155,0
DA:157,0
DA:161,0
DA:164,0
DA:170,0
DA:171,0
DA:172,0
DA:176,0
DA:177,0
DA:178,0
DA:182,0
DA:187,0
DA:188,0
DA:192,0
DA:193,0
DA:194,0
DA:198,0
DA:199,0
DA:203,0
DA:204,0
DA:205,0
DA:208,0
DA:211,2
LF:81
LH:5
BRDA:11,0,0,0
BRDA:11,0,1,0
BRDA:12,1,0,0
BRDA:12,1,1,0
BRDA:13,2,0,0
BRDA:13,2,1,0
BRDA:24,3,0,0
BRDA:24,4,0,0
BRDA:24,4,1,0
BRDA:24,5,0,0
BRDA:24,5,1,0
BRDA:24,6,0,0
BRDA:24,6,1,0
BRDA:34,7,0,0
BRDA:61,8,0,0
BRDA:61,9,0,0
BRDA:61,9,1,0
BRDA:63,10,0,0
BRDA:63,11,0,0
BRDA:63,11,1,0
BRDA:68,12,0,0
BRDA:68,13,0,0
BRDA:68,13,1,0
BRDA:69,14,0,0
BRDA:69,14,1,0
BRDA:70,15,0,0
BRDA:70,15,1,0
BRDA:70,16,0,0
BRDA:70,16,1,0
BRDA:74,17,0,0
BRDA:75,18,0,0
BRDA:75,18,1,0
BRDA:76,19,0,0
BRDA:76,19,1,0
BRDA:76,20,0,0
BRDA:76,20,1,0
BRDA:85,21,0,0
BRDA:85,21,1,0
BRDA:96,22,0,0
BRDA:96,22,1,0
BRDA:99,23,0,0
BRDA:103,24,0,0
BRDA:103,24,1,0
BRDA:111,25,0,0
BRDA:111,25,1,0
BRDA:113,26,0,0
BRDA:120,27,0,0
BRDA:121,28,0,0
BRDA:128,29,0,0
BRDA:128,29,1,0
BRDA:128,29,2,0
BRDA:128,29,3,0
BRDA:129,30,0,0
BRDA:129,30,1,0
BRDA:131,31,0,0
BRDA:131,31,1,0
BRDA:133,32,0,0
BRDA:133,32,1,0
BRDA:135,33,0,0
BRDA:143,34,0,0
BRDA:143,34,1,0
BRDA:145,35,0,0
BRDA:146,36,0,0
BRDA:146,36,1,0
BRDA:154,37,0,0
BRDA:154,38,0,0
BRDA:154,38,1,0
BRDA:170,39,0,0
BRDA:170,39,1,0
BRDA:171,40,0,0
BRDA:177,41,0,0
BRDA:187,42,0,0
BRDA:193,43,0,0
BRDA:198,44,0,0
BRDA:204,45,0,0
BRDA:204,46,0,0
BRDA:204,46,1,0
BRDA:204,47,0,0
BRDA:204,47,1,0
BRF:79
BRH:0
end_of_record
TN:
SF:src/utilities/description/cc/titleBuilder.ts
FN:11,careTypeAsString
FN:20,childrenNumberAsString
FN:33,buildTitle
FNF:3
FNH:0
FNDA:0,careTypeAsString
FNDA:0,childrenNumberAsString
FNDA:0,buildTitle
DA:1,2
DA:3,2
DA:4,2
DA:5,2
DA:6,2
DA:8,2
DA:9,2
DA:14,0
DA:16,0
DA:20,2
DA:23,0
DA:25,0
DA:27,0
DA:29,0
DA:33,2
DA:34,0
LF:16
LH:9
BRDA:13,0,0,0
BRDA:22,1,0,0
BRDA:22,1,1,0
BRDA:22,1,2,0
BRF:4
BRH:0
end_of_record
TN:
SF:src/utilities/description/pc/helpers.ts
FN:3,(anonymous_0)
FN:16,(anonymous_2)
FN:17,(anonymous_3)
FNF:3
FNH:0
FNDA:0,(anonymous_0)
FNDA:0,(anonymous_2)
FNDA:0,(anonymous_3)
DA:3,2
DA:6,0
DA:8,0
DA:10,0
DA:16,0
DA:17,0
DA:19,2
LF:7
LH:2
BRDA:5,0,0,0
BRDA:5,0,1,0
BRF:2
BRH:0
end_of_record
